-------------------------------------------------------------------------------
Test set: com.blog.api.service.CustomUserDetailsServiceTest
-------------------------------------------------------------------------------
Tests run: 16, Failures: 2, Errors: 7, Skipped: 0, Time elapsed: 0.074 s <<< FAILURE! -- in com.blog.api.service.CustomUserDetailsServiceTest
com.blog.api.service.CustomUserDetailsServiceTest.loadUserByUsername_ShouldVerifyCredentialsNonExpired -- Time elapsed: 0.002 s <<< ERROR!
org.mockito.exceptions.misusing.UnnecessaryStubbingException: 

Unnecessary stubbings detected.
Clean & maintainable test code requires zero unnecessary code.
Following stubbings are unnecessary (click to navigate to relevant line of code):
  1. -> at com.blog.api.service.CustomUserDetailsServiceTest.loadUserByUsername_ShouldVerifyCredentialsNonExpired(CustomUserDetailsServiceTest.java:294)
Please remove unnecessary stubbings or use 'lenient' strictness. More info: javadoc for UnnecessaryStubbingException class.
	at org.mockito.junit.jupiter.MockitoExtension.afterEach(MockitoExtension.java:192)
	at java.base/java.util.ArrayList.forEach(ArrayList.java:1596)
	at java.base/java.util.ArrayList.forEach(ArrayList.java:1596)

com.blog.api.service.CustomUserDetailsServiceTest.loadUserByUsername_ShouldCheckAccountEnabled_BasedOnEmailVerification -- Time elapsed: 0.040 s <<< FAILURE!
org.opentest4j.AssertionFailedError: 

Expecting value to be false but was true
	at java.base/jdk.internal.reflect.DirectConstructorHandleAccessor.newInstance(DirectConstructorHandleAccessor.java:62)
	at java.base/java.lang.reflect.Constructor.newInstanceWithCaller(Constructor.java:502)
	at com.blog.api.service.CustomUserDetailsServiceTest.loadUserByUsername_ShouldCheckAccountEnabled_BasedOnEmailVerification(CustomUserDetailsServiceTest.java:245)
	at java.base/java.lang.reflect.Method.invoke(Method.java:580)
	at java.base/java.util.ArrayList.forEach(ArrayList.java:1596)
	at java.base/java.util.ArrayList.forEach(ArrayList.java:1596)

com.blog.api.service.CustomUserDetailsServiceTest.loadUserByUsername_ShouldHandleAdminUser_Correctly -- Time elapsed: 0.001 s <<< ERROR!
org.mockito.exceptions.misusing.UnnecessaryStubbingException: 

Unnecessary stubbings detected.
Clean & maintainable test code requires zero unnecessary code.
Following stubbings are unnecessary (click to navigate to relevant line of code):
  1. -> at com.blog.api.service.CustomUserDetailsServiceTest.loadUserByUsername_ShouldHandleAdminUser_Correctly(CustomUserDetailsServiceTest.java:149)
Please remove unnecessary stubbings or use 'lenient' strictness. More info: javadoc for UnnecessaryStubbingException class.
	at org.mockito.junit.jupiter.MockitoExtension.afterEach(MockitoExtension.java:192)
	at java.base/java.util.ArrayList.forEach(ArrayList.java:1596)
	at java.base/java.util.ArrayList.forEach(ArrayList.java:1596)

com.blog.api.service.CustomUserDetailsServiceTest.loadUserByUsername_ShouldReturnUserDetails_WhenUserFoundByUsername -- Time elapsed: 0.001 s <<< ERROR!
org.mockito.exceptions.misusing.UnnecessaryStubbingException: 

Unnecessary stubbings detected.
Clean & maintainable test code requires zero unnecessary code.
Following stubbings are unnecessary (click to navigate to relevant line of code):
  1. -> at com.blog.api.service.CustomUserDetailsServiceTest.loadUserByUsername_ShouldReturnUserDetails_WhenUserFoundByUsername(CustomUserDetailsServiceTest.java:51)
Please remove unnecessary stubbings or use 'lenient' strictness. More info: javadoc for UnnecessaryStubbingException class.
	at org.mockito.junit.jupiter.MockitoExtension.afterEach(MockitoExtension.java:192)
	at java.base/java.util.ArrayList.forEach(ArrayList.java:1596)
	at java.base/java.util.ArrayList.forEach(ArrayList.java:1596)

com.blog.api.service.CustomUserDetailsServiceTest.loadUserByUsername_ShouldReturnUserWithEncodedPassword -- Time elapsed: 0.001 s <<< ERROR!
org.mockito.exceptions.misusing.UnnecessaryStubbingException: 

Unnecessary stubbings detected.
Clean & maintainable test code requires zero unnecessary code.
Following stubbings are unnecessary (click to navigate to relevant line of code):
  1. -> at com.blog.api.service.CustomUserDetailsServiceTest.loadUserByUsername_ShouldReturnUserWithEncodedPassword(CustomUserDetailsServiceTest.java:217)
Please remove unnecessary stubbings or use 'lenient' strictness. More info: javadoc for UnnecessaryStubbingException class.
	at org.mockito.junit.jupiter.MockitoExtension.afterEach(MockitoExtension.java:192)
	at java.base/java.util.ArrayList.forEach(ArrayList.java:1596)
	at java.base/java.util.ArrayList.forEach(ArrayList.java:1596)

com.blog.api.service.CustomUserDetailsServiceTest.loadUserByUsername_ShouldVerifyAccountNonExpired -- Time elapsed: 0.001 s <<< ERROR!
org.mockito.exceptions.misusing.UnnecessaryStubbingException: 

Unnecessary stubbings detected.
Clean & maintainable test code requires zero unnecessary code.
Following stubbings are unnecessary (click to navigate to relevant line of code):
  1. -> at com.blog.api.service.CustomUserDetailsServiceTest.loadUserByUsername_ShouldVerifyAccountNonExpired(CustomUserDetailsServiceTest.java:256)
Please remove unnecessary stubbings or use 'lenient' strictness. More info: javadoc for UnnecessaryStubbingException class.
	at org.mockito.junit.jupiter.MockitoExtension.afterEach(MockitoExtension.java:192)
	at java.base/java.util.ArrayList.forEach(ArrayList.java:1596)
	at java.base/java.util.ArrayList.forEach(ArrayList.java:1596)

com.blog.api.service.CustomUserDetailsServiceTest.loadUserByUsername_ShouldIncludeCorrectAuthorities_BasedOnUserRole -- Time elapsed: 0.002 s <<< ERROR!
org.mockito.exceptions.misusing.UnnecessaryStubbingException: 

Unnecessary stubbings detected.
Clean & maintainable test code requires zero unnecessary code.
Following stubbings are unnecessary (click to navigate to relevant line of code):
  1. -> at com.blog.api.service.CustomUserDetailsServiceTest.loadUserByUsername_ShouldIncludeCorrectAuthorities_BasedOnUserRole(CustomUserDetailsServiceTest.java:122)
Please remove unnecessary stubbings or use 'lenient' strictness. More info: javadoc for UnnecessaryStubbingException class.
	at org.mockito.junit.jupiter.MockitoExtension.afterEach(MockitoExtension.java:192)
	at java.base/java.util.ArrayList.forEach(ArrayList.java:1596)
	at java.base/java.util.ArrayList.forEach(ArrayList.java:1596)

com.blog.api.service.CustomUserDetailsServiceTest.loadUserByUsername_ShouldVerifyAccountNonLocked -- Time elapsed: 0.001 s <<< ERROR!
org.mockito.exceptions.misusing.UnnecessaryStubbingException: 

Unnecessary stubbings detected.
Clean & maintainable test code requires zero unnecessary code.
Following stubbings are unnecessary (click to navigate to relevant line of code):
  1. -> at com.blog.api.service.CustomUserDetailsServiceTest.loadUserByUsername_ShouldVerifyAccountNonLocked(CustomUserDetailsServiceTest.java:275)
Please remove unnecessary stubbings or use 'lenient' strictness. More info: javadoc for UnnecessaryStubbingException class.
	at org.mockito.junit.jupiter.MockitoExtension.afterEach(MockitoExtension.java:192)
	at java.base/java.util.ArrayList.forEach(ArrayList.java:1596)
	at java.base/java.util.ArrayList.forEach(ArrayList.java:1596)

com.blog.api.service.CustomUserDetailsServiceTest.loadUserByUsername_ShouldPrioritizeUsernameOverEmail -- Time elapsed: 0.003 s <<< FAILURE!
Wanted but not invoked:
userRepository.findByEmail("testuser");
-> at com.blog.api.service.CustomUserDetailsServiceTest.loadUserByUsername_ShouldPrioritizeUsernameOverEmail(CustomUserDetailsServiceTest.java:208)

However, there was exactly 1 interaction with this mock:
userRepository.findByUsername("testuser");
-> at com.blog.api.service.CustomUserDetailsService.loadUserByUsername(CustomUserDetailsService.java:24)


	at com.blog.api.service.CustomUserDetailsServiceTest.loadUserByUsername_ShouldPrioritizeUsernameOverEmail(CustomUserDetailsServiceTest.java:208)
	at java.base/java.lang.reflect.Method.invoke(Method.java:580)
	at java.base/java.util.ArrayList.forEach(ArrayList.java:1596)
	at java.base/java.util.ArrayList.forEach(ArrayList.java:1596)

