-------------------------------------------------------------------------------
Test set: com.blog.api.service.AuthServiceTest
-------------------------------------------------------------------------------
Tests run: 20, Failures: 0, Errors: 6, Skipped: 0, Time elapsed: 0.582 s <<< FAILURE! -- in com.blog.api.service.AuthServiceTest
com.blog.api.service.AuthServiceTest.login_ShouldThrowBadRequestException_WhenEmailNotVerified -- Time elapsed: 0.008 s <<< ERROR!
org.mockito.exceptions.misusing.UnnecessaryStubbingException: 

Unnecessary stubbings detected.
Clean & maintainable test code requires zero unnecessary code.
Following stubbings are unnecessary (click to navigate to relevant line of code):
  1. -> at com.blog.api.service.AuthServiceTest.login_ShouldThrowBadRequestException_WhenEmailNotVerified(AuthServiceTest.java:216)
Please remove unnecessary stubbings or use 'lenient' strictness. More info: javadoc for UnnecessaryStubbingException class.
	at org.mockito.junit.jupiter.MockitoExtension.afterEach(MockitoExtension.java:192)
	at java.base/java.util.ArrayList.forEach(ArrayList.java:1596)
	at java.base/java.util.ArrayList.forEach(ArrayList.java:1596)

com.blog.api.service.AuthServiceTest.login_ShouldThrowBadRequestException_WhenAccountLocked -- Time elapsed: 0.003 s <<< ERROR!
org.mockito.exceptions.misusing.UnnecessaryStubbingException: 

Unnecessary stubbings detected.
Clean & maintainable test code requires zero unnecessary code.
Following stubbings are unnecessary (click to navigate to relevant line of code):
  1. -> at com.blog.api.service.AuthServiceTest.login_ShouldThrowBadRequestException_WhenAccountLocked(AuthServiceTest.java:238)
Please remove unnecessary stubbings or use 'lenient' strictness. More info: javadoc for UnnecessaryStubbingException class.
	at org.mockito.junit.jupiter.MockitoExtension.afterEach(MockitoExtension.java:192)
	at java.base/java.util.ArrayList.forEach(ArrayList.java:1596)
	at java.base/java.util.ArrayList.forEach(ArrayList.java:1596)

com.blog.api.service.AuthServiceTest.login_ShouldReturnJwtResponse_WhenValidCredentials -- Time elapsed: 0.008 s <<< ERROR!
org.mockito.exceptions.misusing.UnnecessaryStubbingException: 

Unnecessary stubbings detected.
Clean & maintainable test code requires zero unnecessary code.
Following stubbings are unnecessary (click to navigate to relevant line of code):
  1. -> at com.blog.api.service.AuthServiceTest.login_ShouldReturnJwtResponse_WhenValidCredentials(AuthServiceTest.java:172)
Please remove unnecessary stubbings or use 'lenient' strictness. More info: javadoc for UnnecessaryStubbingException class.
	at org.mockito.junit.jupiter.MockitoExtension.afterEach(MockitoExtension.java:192)
	at java.base/java.util.ArrayList.forEach(ArrayList.java:1596)
	at java.base/java.util.ArrayList.forEach(ArrayList.java:1596)

com.blog.api.service.AuthServiceTest.register_ShouldThrowBadRequestException_WhenPasswordPolicyViolated -- Time elapsed: 0.003 s <<< ERROR!
java.lang.IllegalArgumentException: Password policy violation: Password must be at least 8 characters long; Password must contain at least one uppercase letter; Password must contain at least one digit; Password must contain at least one special character (!@#$%^&*()_+-=[]{}|;:,.<>?)
	at com.blog.api.dto.CreateUserDTO.<init>(CreateUserDTO.java:30)
	at com.blog.api.service.AuthServiceTest.register_ShouldThrowBadRequestException_WhenPasswordPolicyViolated(AuthServiceTest.java:136)
	at java.base/java.lang.reflect.Method.invoke(Method.java:580)
	at java.base/java.util.ArrayList.forEach(ArrayList.java:1596)
	at java.base/java.util.ArrayList.forEach(ArrayList.java:1596)

com.blog.api.service.AuthServiceTest.login_ShouldUnlockAccount_WhenLockPeriodExpired -- Time elapsed: 0.004 s <<< ERROR!
org.mockito.exceptions.misusing.UnnecessaryStubbingException: 

Unnecessary stubbings detected.
Clean & maintainable test code requires zero unnecessary code.
Following stubbings are unnecessary (click to navigate to relevant line of code):
  1. -> at com.blog.api.service.AuthServiceTest.login_ShouldUnlockAccount_WhenLockPeriodExpired(AuthServiceTest.java:261)
Please remove unnecessary stubbings or use 'lenient' strictness. More info: javadoc for UnnecessaryStubbingException class.
	at org.mockito.junit.jupiter.MockitoExtension.afterEach(MockitoExtension.java:192)
	at java.base/java.util.ArrayList.forEach(ArrayList.java:1596)
	at java.base/java.util.ArrayList.forEach(ArrayList.java:1596)

com.blog.api.service.AuthServiceTest.login_ShouldIncrementFailedAttempts_WhenAuthenticationFails -- Time elapsed: 0.004 s <<< ERROR!
org.mockito.exceptions.misusing.UnnecessaryStubbingException: 

Unnecessary stubbings detected.
Clean & maintainable test code requires zero unnecessary code.
Following stubbings are unnecessary (click to navigate to relevant line of code):
  1. -> at com.blog.api.service.AuthServiceTest.login_ShouldIncrementFailedAttempts_WhenAuthenticationFails(AuthServiceTest.java:279)
Please remove unnecessary stubbings or use 'lenient' strictness. More info: javadoc for UnnecessaryStubbingException class.
	at org.mockito.junit.jupiter.MockitoExtension.afterEach(MockitoExtension.java:192)
	at java.base/java.util.ArrayList.forEach(ArrayList.java:1596)
	at java.base/java.util.ArrayList.forEach(ArrayList.java:1596)

