-------------------------------------------------------------------------------
Test set: com.blog.api.util.JwtUtilTest
-------------------------------------------------------------------------------
Tests run: 13, Failures: 0, Errors: 2, Skipped: 0, Time elapsed: 22.10 s <<< FAILURE! -- in com.blog.api.util.JwtUtilTest
com.blog.api.util.JwtUtilTest.validateToken_WhenExpiredToken_ShouldReturnFalse -- Time elapsed: 0.017 s <<< ERROR!
io.jsonwebtoken.ExpiredJwtException: JWT expired at 2025-07-28T18:30:15Z. Current time: 2025-07-28T18:30:16Z, a difference of 1993 milliseconds.  Allowed clock skew: 0 milliseconds.
	at io.jsonwebtoken.impl.DefaultJwtParser.parse(DefaultJwtParser.java:427)
	at io.jsonwebtoken.impl.DefaultJwtParser.parse(DefaultJwtParser.java:529)
	at io.jsonwebtoken.impl.DefaultJwtParser.parseClaimsJws(DefaultJwtParser.java:589)
	at io.jsonwebtoken.impl.ImmutableJwtParser.parseClaimsJws(ImmutableJwtParser.java:173)
	at com.blog.api.util.JwtUtil.getAllClaimsFromToken(JwtUtil.java:65)
	at com.blog.api.util.JwtUtil.getClaimFromToken(JwtUtil.java:57)
	at com.blog.api.util.JwtUtil.getUsernameFromToken(JwtUtil.java:49)
	at com.blog.api.util.JwtUtil.validateToken(JwtUtil.java:44)
	at com.blog.api.util.JwtUtilTest.validateToken_WhenExpiredToken_ShouldReturnFalse(JwtUtilTest.java:114)
	at java.base/java.lang.reflect.Method.invoke(Method.java:580)
	at java.base/java.util.ArrayList.forEach(ArrayList.java:1596)
	at java.base/java.util.ArrayList.forEach(ArrayList.java:1596)

com.blog.api.util.JwtUtilTest.getExpirationDateFromToken_WhenExpiredToken_ShouldStillReturnDate -- Time elapsed: 0.010 s <<< ERROR!
io.jsonwebtoken.ExpiredJwtException: JWT expired at 2025-07-28T18:30:16Z. Current time: 2025-07-28T18:30:17Z, a difference of 1132 milliseconds.  Allowed clock skew: 0 milliseconds.
	at io.jsonwebtoken.impl.DefaultJwtParser.parse(DefaultJwtParser.java:427)
	at io.jsonwebtoken.impl.DefaultJwtParser.parse(DefaultJwtParser.java:529)
	at io.jsonwebtoken.impl.DefaultJwtParser.parseClaimsJws(DefaultJwtParser.java:589)
	at io.jsonwebtoken.impl.ImmutableJwtParser.parseClaimsJws(ImmutableJwtParser.java:173)
	at com.blog.api.util.JwtUtil.getAllClaimsFromToken(JwtUtil.java:65)
	at com.blog.api.util.JwtUtil.getClaimFromToken(JwtUtil.java:57)
	at com.blog.api.util.JwtUtil.getExpirationDateFromToken(JwtUtil.java:53)
	at com.blog.api.util.JwtUtilTest.getExpirationDateFromToken_WhenExpiredToken_ShouldStillReturnDate(JwtUtilTest.java:151)
	at java.base/java.lang.reflect.Method.invoke(Method.java:580)
	at java.base/java.util.ArrayList.forEach(ArrayList.java:1596)
	at java.base/java.util.ArrayList.forEach(ArrayList.java:1596)

