-------------------------------------------------------------------------------
Test set: com.blog.api.service.AuthServiceTest
-------------------------------------------------------------------------------
Tests run: 19, Failures: 0, Errors: 7, Skipped: 0, Time elapsed: 0.502 s <<< FAILURE! -- in com.blog.api.service.AuthServiceTest
com.blog.api.service.AuthServiceTest.resetPassword_ShouldResetPasswordAndReturnUserDTO_WhenValidToken -- Time elapsed: 0.005 s <<< ERROR!
java.lang.IllegalArgumentException: Password policy violation: Password must contain at least one digit; Password must contain at least one special character (!@#$%^&*()_+-=[]{}|;:,.<>?)
	at com.blog.api.entity.User$Builder.password(User.java:204)
	at com.blog.api.service.AuthService.resetPassword(AuthService.java:250)
	at com.blog.api.service.AuthServiceTest.resetPassword_ShouldResetPasswordAndReturnUserDTO_WhenValidToken(AuthServiceTest.java:425)
	at java.base/java.lang.reflect.Method.invoke(Method.java:580)
	at java.base/java.util.ArrayList.forEach(ArrayList.java:1596)
	at java.base/java.util.ArrayList.forEach(ArrayList.java:1596)

com.blog.api.service.AuthServiceTest.register_ShouldValidatePasswordPolicy -- Time elapsed: 0.003 s <<< ERROR!
java.lang.IllegalArgumentException: Password policy violation: Password must be at least 8 characters long; Password must contain at least one uppercase letter; Password must contain at least one digit; Password must contain at least one special character (!@#$%^&*()_+-=[]{}|;:,.<>?)
	at com.blog.api.dto.CreateUserDTO.<init>(CreateUserDTO.java:30)
	at com.blog.api.service.AuthServiceTest.register_ShouldValidatePasswordPolicy(AuthServiceTest.java:197)
	at java.base/java.lang.reflect.Method.invoke(Method.java:580)
	at java.base/java.util.ArrayList.forEach(ArrayList.java:1596)
	at java.base/java.util.ArrayList.forEach(ArrayList.java:1596)

com.blog.api.service.AuthServiceTest.login_ShouldLockAccount_AfterMultipleFailedAttempts -- Time elapsed: 0.010 s <<< ERROR!
org.mockito.exceptions.misusing.UnnecessaryStubbingException: 

Unnecessary stubbings detected.
Clean & maintainable test code requires zero unnecessary code.
Following stubbings are unnecessary (click to navigate to relevant line of code):
  1. -> at com.blog.api.service.AuthServiceTest.login_ShouldLockAccount_AfterMultipleFailedAttempts(AuthServiceTest.java:242)
Please remove unnecessary stubbings or use 'lenient' strictness. More info: javadoc for UnnecessaryStubbingException class.
	at org.mockito.junit.jupiter.MockitoExtension.afterEach(MockitoExtension.java:192)
	at java.base/java.util.ArrayList.forEach(ArrayList.java:1596)
	at java.base/java.util.ArrayList.forEach(ArrayList.java:1596)

com.blog.api.service.AuthServiceTest.login_ShouldResetFailedAttempts_AfterSuccessfulLogin -- Time elapsed: 0.005 s <<< ERROR!
org.mockito.exceptions.misusing.UnnecessaryStubbingException: 

Unnecessary stubbings detected.
Clean & maintainable test code requires zero unnecessary code.
Following stubbings are unnecessary (click to navigate to relevant line of code):
  1. -> at com.blog.api.service.AuthServiceTest.login_ShouldResetFailedAttempts_AfterSuccessfulLogin(AuthServiceTest.java:265)
Please remove unnecessary stubbings or use 'lenient' strictness. More info: javadoc for UnnecessaryStubbingException class.
	at org.mockito.junit.jupiter.MockitoExtension.afterEach(MockitoExtension.java:192)
	at java.base/java.util.ArrayList.forEach(ArrayList.java:1596)
	at java.base/java.util.ArrayList.forEach(ArrayList.java:1596)

com.blog.api.service.AuthServiceTest.login_ShouldLogAuditEvents_DuringAuthentication -- Time elapsed: 0.005 s <<< ERROR!
org.mockito.exceptions.misusing.UnnecessaryStubbingException: 

Unnecessary stubbings detected.
Clean & maintainable test code requires zero unnecessary code.
Following stubbings are unnecessary (click to navigate to relevant line of code):
  1. -> at com.blog.api.service.AuthServiceTest.login_ShouldLogAuditEvents_DuringAuthentication(AuthServiceTest.java:287)
Please remove unnecessary stubbings or use 'lenient' strictness. More info: javadoc for UnnecessaryStubbingException class.
	at org.mockito.junit.jupiter.MockitoExtension.afterEach(MockitoExtension.java:192)
	at java.base/java.util.ArrayList.forEach(ArrayList.java:1596)
	at java.base/java.util.ArrayList.forEach(ArrayList.java:1596)

com.blog.api.service.AuthServiceTest.login_ShouldIncrementFailedAttempts_WhenAuthenticationFails -- Time elapsed: 0.005 s <<< ERROR!
org.mockito.exceptions.misusing.UnnecessaryStubbingException: 

Unnecessary stubbings detected.
Clean & maintainable test code requires zero unnecessary code.
Following stubbings are unnecessary (click to navigate to relevant line of code):
  1. -> at com.blog.api.service.AuthServiceTest.login_ShouldIncrementFailedAttempts_WhenAuthenticationFails(AuthServiceTest.java:216)
Please remove unnecessary stubbings or use 'lenient' strictness. More info: javadoc for UnnecessaryStubbingException class.
	at org.mockito.junit.jupiter.MockitoExtension.afterEach(MockitoExtension.java:192)
	at java.base/java.util.ArrayList.forEach(ArrayList.java:1596)
	at java.base/java.util.ArrayList.forEach(ArrayList.java:1596)

com.blog.api.service.AuthServiceTest.login_ShouldLoginSuccessfully_WhenValidCredentials -- Time elapsed: 0.004 s <<< ERROR!
org.mockito.exceptions.misusing.UnnecessaryStubbingException: 

Unnecessary stubbings detected.
Clean & maintainable test code requires zero unnecessary code.
Following stubbings are unnecessary (click to navigate to relevant line of code):
  1. -> at com.blog.api.service.AuthServiceTest.login_ShouldLoginSuccessfully_WhenValidCredentials(AuthServiceTest.java:156)
Please remove unnecessary stubbings or use 'lenient' strictness. More info: javadoc for UnnecessaryStubbingException class.
	at org.mockito.junit.jupiter.MockitoExtension.afterEach(MockitoExtension.java:192)
	at java.base/java.util.ArrayList.forEach(ArrayList.java:1596)
	at java.base/java.util.ArrayList.forEach(ArrayList.java:1596)

