-------------------------------------------------------------------------------
Test set: com.blog.api.controller.CategoryControllerTest
-------------------------------------------------------------------------------
Tests run: 23, Failures: 0, Errors: 23, Skipped: 0, Time elapsed: 0.058 s <<< FAILURE! -- in com.blog.api.controller.CategoryControllerTest
com.blog.api.controller.CategoryControllerTest.updateCategory_WhenNotAuthenticated_ShouldReturnUnauthorized -- Time elapsed: 0 s <<< ERROR!
org.junit.jupiter.api.extension.ParameterResolutionException: No ParameterResolver registered for parameter [org.springframework.test.web.servlet.MockMvc mockMvc] in constructor [com.blog.api.controller.CategoryControllerTest(org.springframework.test.web.servlet.MockMvc,com.blog.api.service.CategoryService,com.blog.api.util.JwtUtil,com.blog.api.service.CustomUserDetailsService,com.blog.api.service.TermsService,com.fasterxml.jackson.databind.ObjectMapper)].
	at java.base/java.util.Optional.orElseGet(Optional.java:364)
	at java.base/java.util.ArrayList.forEach(ArrayList.java:1596)
	at java.base/java.util.ArrayList.forEach(ArrayList.java:1596)

com.blog.api.controller.CategoryControllerTest.createCategory_WhenInvalidData_ShouldReturnBadRequest -- Time elapsed: 0.001 s <<< ERROR!
org.junit.jupiter.api.extension.ParameterResolutionException: No ParameterResolver registered for parameter [org.springframework.test.web.servlet.MockMvc mockMvc] in constructor [com.blog.api.controller.CategoryControllerTest(org.springframework.test.web.servlet.MockMvc,com.blog.api.service.CategoryService,com.blog.api.util.JwtUtil,com.blog.api.service.CustomUserDetailsService,com.blog.api.service.TermsService,com.fasterxml.jackson.databind.ObjectMapper)].
	at java.base/java.util.Optional.orElseGet(Optional.java:364)
	at java.base/java.util.ArrayList.forEach(ArrayList.java:1596)
	at java.base/java.util.ArrayList.forEach(ArrayList.java:1596)

com.blog.api.controller.CategoryControllerTest.createCategory_WhenDuplicateName_ShouldReturnConflict -- Time elapsed: 0 s <<< ERROR!
org.junit.jupiter.api.extension.ParameterResolutionException: No ParameterResolver registered for parameter [org.springframework.test.web.servlet.MockMvc mockMvc] in constructor [com.blog.api.controller.CategoryControllerTest(org.springframework.test.web.servlet.MockMvc,com.blog.api.service.CategoryService,com.blog.api.util.JwtUtil,com.blog.api.service.CustomUserDetailsService,com.blog.api.service.TermsService,com.fasterxml.jackson.databind.ObjectMapper)].
	at java.base/java.util.Optional.orElseGet(Optional.java:364)
	at java.base/java.util.ArrayList.forEach(ArrayList.java:1596)
	at java.base/java.util.ArrayList.forEach(ArrayList.java:1596)

com.blog.api.controller.CategoryControllerTest.getAllCategories_ShouldReturnEmptyPage_WhenNoCategories -- Time elapsed: 0 s <<< ERROR!
org.junit.jupiter.api.extension.ParameterResolutionException: No ParameterResolver registered for parameter [org.springframework.test.web.servlet.MockMvc mockMvc] in constructor [com.blog.api.controller.CategoryControllerTest(org.springframework.test.web.servlet.MockMvc,com.blog.api.service.CategoryService,com.blog.api.util.JwtUtil,com.blog.api.service.CustomUserDetailsService,com.blog.api.service.TermsService,com.fasterxml.jackson.databind.ObjectMapper)].
	at java.base/java.util.Optional.orElseGet(Optional.java:364)
	at java.base/java.util.ArrayList.forEach(ArrayList.java:1596)
	at java.base/java.util.ArrayList.forEach(ArrayList.java:1596)

com.blog.api.controller.CategoryControllerTest.createCategory_WhenNotAuthenticated_ShouldReturnUnauthorized -- Time elapsed: 0.002 s <<< ERROR!
org.junit.jupiter.api.extension.ParameterResolutionException: No ParameterResolver registered for parameter [org.springframework.test.web.servlet.MockMvc mockMvc] in constructor [com.blog.api.controller.CategoryControllerTest(org.springframework.test.web.servlet.MockMvc,com.blog.api.service.CategoryService,com.blog.api.util.JwtUtil,com.blog.api.service.CustomUserDetailsService,com.blog.api.service.TermsService,com.fasterxml.jackson.databind.ObjectMapper)].
	at java.base/java.util.Optional.orElseGet(Optional.java:364)
	at java.base/java.util.ArrayList.forEach(ArrayList.java:1596)
	at java.base/java.util.ArrayList.forEach(ArrayList.java:1596)

com.blog.api.controller.CategoryControllerTest.testCategories_ShouldReturnCategoryCount -- Time elapsed: 0 s <<< ERROR!
org.junit.jupiter.api.extension.ParameterResolutionException: No ParameterResolver registered for parameter [org.springframework.test.web.servlet.MockMvc mockMvc] in constructor [com.blog.api.controller.CategoryControllerTest(org.springframework.test.web.servlet.MockMvc,com.blog.api.service.CategoryService,com.blog.api.util.JwtUtil,com.blog.api.service.CustomUserDetailsService,com.blog.api.service.TermsService,com.fasterxml.jackson.databind.ObjectMapper)].
	at java.base/java.util.Optional.orElseGet(Optional.java:364)
	at java.base/java.util.ArrayList.forEach(ArrayList.java:1596)
	at java.base/java.util.ArrayList.forEach(ArrayList.java:1596)

com.blog.api.controller.CategoryControllerTest.createCategory_WhenValidDataWithLongDescription_ShouldReturnCreated -- Time elapsed: 0 s <<< ERROR!
org.junit.jupiter.api.extension.ParameterResolutionException: No ParameterResolver registered for parameter [org.springframework.test.web.servlet.MockMvc mockMvc] in constructor [com.blog.api.controller.CategoryControllerTest(org.springframework.test.web.servlet.MockMvc,com.blog.api.service.CategoryService,com.blog.api.util.JwtUtil,com.blog.api.service.CustomUserDetailsService,com.blog.api.service.TermsService,com.fasterxml.jackson.databind.ObjectMapper)].
	at java.base/java.util.Optional.orElseGet(Optional.java:364)
	at java.base/java.util.ArrayList.forEach(ArrayList.java:1596)
	at java.base/java.util.ArrayList.forEach(ArrayList.java:1596)

com.blog.api.controller.CategoryControllerTest.getAllCategories_ShouldReturnPageOfCategories -- Time elapsed: 0 s <<< ERROR!
org.junit.jupiter.api.extension.ParameterResolutionException: No ParameterResolver registered for parameter [org.springframework.test.web.servlet.MockMvc mockMvc] in constructor [com.blog.api.controller.CategoryControllerTest(org.springframework.test.web.servlet.MockMvc,com.blog.api.service.CategoryService,com.blog.api.util.JwtUtil,com.blog.api.service.CustomUserDetailsService,com.blog.api.service.TermsService,com.fasterxml.jackson.databind.ObjectMapper)].
	at java.base/java.util.Optional.orElseGet(Optional.java:364)
	at java.base/java.util.ArrayList.forEach(ArrayList.java:1596)
	at java.base/java.util.ArrayList.forEach(ArrayList.java:1596)

com.blog.api.controller.CategoryControllerTest.testCategoryDTO_ShouldReturnTestDTO -- Time elapsed: 0.001 s <<< ERROR!
org.junit.jupiter.api.extension.ParameterResolutionException: No ParameterResolver registered for parameter [org.springframework.test.web.servlet.MockMvc mockMvc] in constructor [com.blog.api.controller.CategoryControllerTest(org.springframework.test.web.servlet.MockMvc,com.blog.api.service.CategoryService,com.blog.api.util.JwtUtil,com.blog.api.service.CustomUserDetailsService,com.blog.api.service.TermsService,com.fasterxml.jackson.databind.ObjectMapper)].
	at java.base/java.util.Optional.orElseGet(Optional.java:364)
	at java.base/java.util.ArrayList.forEach(ArrayList.java:1596)
	at java.base/java.util.ArrayList.forEach(ArrayList.java:1596)

com.blog.api.controller.CategoryControllerTest.getCategoryById_WhenCategoryExists_ShouldReturnCategory -- Time elapsed: 0 s <<< ERROR!
org.junit.jupiter.api.extension.ParameterResolutionException: No ParameterResolver registered for parameter [org.springframework.test.web.servlet.MockMvc mockMvc] in constructor [com.blog.api.controller.CategoryControllerTest(org.springframework.test.web.servlet.MockMvc,com.blog.api.service.CategoryService,com.blog.api.util.JwtUtil,com.blog.api.service.CustomUserDetailsService,com.blog.api.service.TermsService,com.fasterxml.jackson.databind.ObjectMapper)].
	at java.base/java.util.Optional.orElseGet(Optional.java:364)
	at java.base/java.util.ArrayList.forEach(ArrayList.java:1596)
	at java.base/java.util.ArrayList.forEach(ArrayList.java:1596)

com.blog.api.controller.CategoryControllerTest.getAllCategories_WhenServiceThrowsException_ShouldReturnInternalServerError -- Time elapsed: 0 s <<< ERROR!
org.junit.jupiter.api.extension.ParameterResolutionException: No ParameterResolver registered for parameter [org.springframework.test.web.servlet.MockMvc mockMvc] in constructor [com.blog.api.controller.CategoryControllerTest(org.springframework.test.web.servlet.MockMvc,com.blog.api.service.CategoryService,com.blog.api.util.JwtUtil,com.blog.api.service.CustomUserDetailsService,com.blog.api.service.TermsService,com.fasterxml.jackson.databind.ObjectMapper)].
	at java.base/java.util.Optional.orElseGet(Optional.java:364)
	at java.base/java.util.ArrayList.forEach(ArrayList.java:1596)
	at java.base/java.util.ArrayList.forEach(ArrayList.java:1596)

com.blog.api.controller.CategoryControllerTest.getCategoryById_WhenCategoryNotExists_ShouldReturnNotFound -- Time elapsed: 0 s <<< ERROR!
org.junit.jupiter.api.extension.ParameterResolutionException: No ParameterResolver registered for parameter [org.springframework.test.web.servlet.MockMvc mockMvc] in constructor [com.blog.api.controller.CategoryControllerTest(org.springframework.test.web.servlet.MockMvc,com.blog.api.service.CategoryService,com.blog.api.util.JwtUtil,com.blog.api.service.CustomUserDetailsService,com.blog.api.service.TermsService,com.fasterxml.jackson.databind.ObjectMapper)].
	at java.base/java.util.Optional.orElseGet(Optional.java:364)
	at java.base/java.util.ArrayList.forEach(ArrayList.java:1596)
	at java.base/java.util.ArrayList.forEach(ArrayList.java:1596)

com.blog.api.controller.CategoryControllerTest.createCategory_WhenValidData_ShouldReturnCreatedCategory -- Time elapsed: 0 s <<< ERROR!
org.junit.jupiter.api.extension.ParameterResolutionException: No ParameterResolver registered for parameter [org.springframework.test.web.servlet.MockMvc mockMvc] in constructor [com.blog.api.controller.CategoryControllerTest(org.springframework.test.web.servlet.MockMvc,com.blog.api.service.CategoryService,com.blog.api.util.JwtUtil,com.blog.api.service.CustomUserDetailsService,com.blog.api.service.TermsService,com.fasterxml.jackson.databind.ObjectMapper)].
	at java.base/java.util.Optional.orElseGet(Optional.java:364)
	at java.base/java.util.ArrayList.forEach(ArrayList.java:1596)
	at java.base/java.util.ArrayList.forEach(ArrayList.java:1596)

com.blog.api.controller.CategoryControllerTest.updateCategory_WhenCategoryNotExists_ShouldReturnNotFound -- Time elapsed: 0 s <<< ERROR!
org.junit.jupiter.api.extension.ParameterResolutionException: No ParameterResolver registered for parameter [org.springframework.test.web.servlet.MockMvc mockMvc] in constructor [com.blog.api.controller.CategoryControllerTest(org.springframework.test.web.servlet.MockMvc,com.blog.api.service.CategoryService,com.blog.api.util.JwtUtil,com.blog.api.service.CustomUserDetailsService,com.blog.api.service.TermsService,com.fasterxml.jackson.databind.ObjectMapper)].
	at java.base/java.util.Optional.orElseGet(Optional.java:364)
	at java.base/java.util.ArrayList.forEach(ArrayList.java:1596)
	at java.base/java.util.ArrayList.forEach(ArrayList.java:1596)

com.blog.api.controller.CategoryControllerTest.createCategory_WhenUserRole_ShouldReturnForbidden -- Time elapsed: 0 s <<< ERROR!
org.junit.jupiter.api.extension.ParameterResolutionException: No ParameterResolver registered for parameter [org.springframework.test.web.servlet.MockMvc mockMvc] in constructor [com.blog.api.controller.CategoryControllerTest(org.springframework.test.web.servlet.MockMvc,com.blog.api.service.CategoryService,com.blog.api.util.JwtUtil,com.blog.api.service.CustomUserDetailsService,com.blog.api.service.TermsService,com.fasterxml.jackson.databind.ObjectMapper)].
	at java.base/java.util.Optional.orElseGet(Optional.java:364)
	at java.base/java.util.ArrayList.forEach(ArrayList.java:1596)
	at java.base/java.util.ArrayList.forEach(ArrayList.java:1596)

com.blog.api.controller.CategoryControllerTest.updateCategory_WhenUserRole_ShouldReturnForbidden -- Time elapsed: 0.001 s <<< ERROR!
org.junit.jupiter.api.extension.ParameterResolutionException: No ParameterResolver registered for parameter [org.springframework.test.web.servlet.MockMvc mockMvc] in constructor [com.blog.api.controller.CategoryControllerTest(org.springframework.test.web.servlet.MockMvc,com.blog.api.service.CategoryService,com.blog.api.util.JwtUtil,com.blog.api.service.CustomUserDetailsService,com.blog.api.service.TermsService,com.fasterxml.jackson.databind.ObjectMapper)].
	at java.base/java.util.Optional.orElseGet(Optional.java:364)
	at java.base/java.util.ArrayList.forEach(ArrayList.java:1596)
	at java.base/java.util.ArrayList.forEach(ArrayList.java:1596)

com.blog.api.controller.CategoryControllerTest.deleteCategory_WhenValidRequest_ShouldReturnNoContent -- Time elapsed: 0.001 s <<< ERROR!
org.junit.jupiter.api.extension.ParameterResolutionException: No ParameterResolver registered for parameter [org.springframework.test.web.servlet.MockMvc mockMvc] in constructor [com.blog.api.controller.CategoryControllerTest(org.springframework.test.web.servlet.MockMvc,com.blog.api.service.CategoryService,com.blog.api.util.JwtUtil,com.blog.api.service.CustomUserDetailsService,com.blog.api.service.TermsService,com.fasterxml.jackson.databind.ObjectMapper)].
	at java.base/java.util.Optional.orElseGet(Optional.java:364)
	at java.base/java.util.ArrayList.forEach(ArrayList.java:1596)
	at java.base/java.util.ArrayList.forEach(ArrayList.java:1596)

com.blog.api.controller.CategoryControllerTest.deleteCategory_WhenCategoryNotExists_ShouldReturnNotFound -- Time elapsed: 0 s <<< ERROR!
org.junit.jupiter.api.extension.ParameterResolutionException: No ParameterResolver registered for parameter [org.springframework.test.web.servlet.MockMvc mockMvc] in constructor [com.blog.api.controller.CategoryControllerTest(org.springframework.test.web.servlet.MockMvc,com.blog.api.service.CategoryService,com.blog.api.util.JwtUtil,com.blog.api.service.CustomUserDetailsService,com.blog.api.service.TermsService,com.fasterxml.jackson.databind.ObjectMapper)].
	at java.base/java.util.Optional.orElseGet(Optional.java:364)
	at java.base/java.util.ArrayList.forEach(ArrayList.java:1596)
	at java.base/java.util.ArrayList.forEach(ArrayList.java:1596)

com.blog.api.controller.CategoryControllerTest.deleteCategory_WhenUserRole_ShouldReturnForbidden -- Time elapsed: 0.001 s <<< ERROR!
org.junit.jupiter.api.extension.ParameterResolutionException: No ParameterResolver registered for parameter [org.springframework.test.web.servlet.MockMvc mockMvc] in constructor [com.blog.api.controller.CategoryControllerTest(org.springframework.test.web.servlet.MockMvc,com.blog.api.service.CategoryService,com.blog.api.util.JwtUtil,com.blog.api.service.CustomUserDetailsService,com.blog.api.service.TermsService,com.fasterxml.jackson.databind.ObjectMapper)].
	at java.base/java.util.Optional.orElseGet(Optional.java:364)
	at java.base/java.util.ArrayList.forEach(ArrayList.java:1596)
	at java.base/java.util.ArrayList.forEach(ArrayList.java:1596)

com.blog.api.controller.CategoryControllerTest.getAllCategories_ShouldHandlePagination -- Time elapsed: 0.001 s <<< ERROR!
org.junit.jupiter.api.extension.ParameterResolutionException: No ParameterResolver registered for parameter [org.springframework.test.web.servlet.MockMvc mockMvc] in constructor [com.blog.api.controller.CategoryControllerTest(org.springframework.test.web.servlet.MockMvc,com.blog.api.service.CategoryService,com.blog.api.util.JwtUtil,com.blog.api.service.CustomUserDetailsService,com.blog.api.service.TermsService,com.fasterxml.jackson.databind.ObjectMapper)].
	at java.base/java.util.Optional.orElseGet(Optional.java:364)
	at java.base/java.util.ArrayList.forEach(ArrayList.java:1596)
	at java.base/java.util.ArrayList.forEach(ArrayList.java:1596)

com.blog.api.controller.CategoryControllerTest.getCategoryById_WhenInvalidIdFormat_ShouldReturnBadRequest -- Time elapsed: 0 s <<< ERROR!
org.junit.jupiter.api.extension.ParameterResolutionException: No ParameterResolver registered for parameter [org.springframework.test.web.servlet.MockMvc mockMvc] in constructor [com.blog.api.controller.CategoryControllerTest(org.springframework.test.web.servlet.MockMvc,com.blog.api.service.CategoryService,com.blog.api.util.JwtUtil,com.blog.api.service.CustomUserDetailsService,com.blog.api.service.TermsService,com.fasterxml.jackson.databind.ObjectMapper)].
	at java.base/java.util.Optional.orElseGet(Optional.java:364)
	at java.base/java.util.ArrayList.forEach(ArrayList.java:1596)
	at java.base/java.util.ArrayList.forEach(ArrayList.java:1596)

com.blog.api.controller.CategoryControllerTest.updateCategory_WhenValidData_ShouldReturnUpdatedCategory -- Time elapsed: 0 s <<< ERROR!
org.junit.jupiter.api.extension.ParameterResolutionException: No ParameterResolver registered for parameter [org.springframework.test.web.servlet.MockMvc mockMvc] in constructor [com.blog.api.controller.CategoryControllerTest(org.springframework.test.web.servlet.MockMvc,com.blog.api.service.CategoryService,com.blog.api.util.JwtUtil,com.blog.api.service.CustomUserDetailsService,com.blog.api.service.TermsService,com.fasterxml.jackson.databind.ObjectMapper)].
	at java.base/java.util.Optional.orElseGet(Optional.java:364)
	at java.base/java.util.ArrayList.forEach(ArrayList.java:1596)
	at java.base/java.util.ArrayList.forEach(ArrayList.java:1596)

com.blog.api.controller.CategoryControllerTest.deleteCategory_WhenCategoryHasPosts_ShouldReturnConflict -- Time elapsed: 0 s <<< ERROR!
org.junit.jupiter.api.extension.ParameterResolutionException: No ParameterResolver registered for parameter [org.springframework.test.web.servlet.MockMvc mockMvc] in constructor [com.blog.api.controller.CategoryControllerTest(org.springframework.test.web.servlet.MockMvc,com.blog.api.service.CategoryService,com.blog.api.util.JwtUtil,com.blog.api.service.CustomUserDetailsService,com.blog.api.service.TermsService,com.fasterxml.jackson.databind.ObjectMapper)].
	at java.base/java.util.Optional.orElseGet(Optional.java:364)
	at java.base/java.util.ArrayList.forEach(ArrayList.java:1596)
	at java.base/java.util.ArrayList.forEach(ArrayList.java:1596)

