-------------------------------------------------------------------------------
Test set: com.blog.api.entity.BuilderPatternsTest
-------------------------------------------------------------------------------
Tests run: 9, Failures: 0, Errors: 7, Skipped: 0, Time elapsed: 20.38 s <<< FAILURE! -- in com.blog.api.entity.BuilderPatternsTest
com.blog.api.entity.BuilderPatternsTest.verificationTokenBuilder_ShouldCreateSpecificTokenTypes -- Time elapsed: 0.904 s <<< ERROR!
java.lang.IllegalArgumentException: Password policy violation: Password must be at least 8 characters long; Password must contain at least one uppercase letter; Password must contain at least one special character (!@#$%^&*()_+-=[]{}|;:,.<>?); Password is too common and easily guessable
	at com.blog.api.entity.User$Builder.password(User.java:204)
	at com.blog.api.entity.BuilderPatternsTest.verificationTokenBuilder_ShouldCreateSpecificTokenTypes(BuilderPatternsTest.java:96)
	at java.base/java.lang.reflect.Method.invoke(Method.java:580)
	at java.base/java.util.ArrayList.forEach(ArrayList.java:1596)
	at java.base/java.util.ArrayList.forEach(ArrayList.java:1596)

com.blog.api.entity.BuilderPatternsTest.commentBuilder_ShouldCreateCommentsAndReplies -- Time elapsed: 0.011 s <<< ERROR!
java.lang.IllegalArgumentException: Password policy violation: Password must be at least 8 characters long; Password must contain at least one uppercase letter; Password must contain at least one special character (!@#$%^&*()_+-=[]{}|;:,.<>?); Password is too common and easily guessable
	at com.blog.api.entity.User$Builder.password(User.java:204)
	at com.blog.api.entity.BuilderPatternsTest.commentBuilder_ShouldCreateCommentsAndReplies(BuilderPatternsTest.java:117)
	at java.base/java.lang.reflect.Method.invoke(Method.java:580)
	at java.base/java.util.ArrayList.forEach(ArrayList.java:1596)
	at java.base/java.util.ArrayList.forEach(ArrayList.java:1596)

com.blog.api.entity.BuilderPatternsTest.postBuilder_ShouldCreatePostWithValidations -- Time elapsed: 0.007 s <<< ERROR!
java.lang.IllegalArgumentException: Password policy violation: Password must contain at least one uppercase letter; Password must contain at least one special character (!@#$%^&*()_+-=[]{}|;:,.<>?); Password is too common and easily guessable
	at com.blog.api.entity.User$Builder.password(User.java:204)
	at com.blog.api.entity.User.of(User.java:305)
	at com.blog.api.entity.BuilderPatternsTest.postBuilder_ShouldCreatePostWithValidations(BuilderPatternsTest.java:57)
	at java.base/java.lang.reflect.Method.invoke(Method.java:580)
	at java.base/java.util.ArrayList.forEach(ArrayList.java:1596)
	at java.base/java.util.ArrayList.forEach(ArrayList.java:1596)

com.blog.api.entity.BuilderPatternsTest.userBuilder_ShouldCreateUserWithValidations -- Time elapsed: 0.010 s <<< ERROR!
java.lang.IllegalArgumentException: Password policy violation: Password must contain at least one uppercase letter; Password must contain at least one special character (!@#$%^&*()_+-=[]{}|;:,.<>?); Password is too common and easily guessable
	at com.blog.api.entity.User$Builder.password(User.java:204)
	at com.blog.api.entity.User.of(User.java:305)
	at com.blog.api.entity.BuilderPatternsTest.userBuilder_ShouldCreateUserWithValidations(BuilderPatternsTest.java:24)
	at java.base/java.lang.reflect.Method.invoke(Method.java:580)
	at java.base/java.util.ArrayList.forEach(ArrayList.java:1596)
	at java.base/java.util.ArrayList.forEach(ArrayList.java:1596)

com.blog.api.entity.BuilderPatternsTest.postBuilder_SemanticFactoryMethods -- Time elapsed: 0.007 s <<< ERROR!
java.lang.IllegalArgumentException: Password policy violation: Password must be at least 8 characters long; Password must contain at least one uppercase letter; Password must contain at least one special character (!@#$%^&*()_+-=[]{}|;:,.<>?); Password is too common and easily guessable
	at com.blog.api.entity.User$Builder.password(User.java:204)
	at com.blog.api.entity.BuilderPatternsTest.postBuilder_SemanticFactoryMethods(BuilderPatternsTest.java:79)
	at java.base/java.lang.reflect.Method.invoke(Method.java:580)
	at java.base/java.util.ArrayList.forEach(ArrayList.java:1596)
	at java.base/java.util.ArrayList.forEach(ArrayList.java:1596)

com.blog.api.entity.BuilderPatternsTest.factoryMethods_ShouldCopyExistingEntities -- Time elapsed: 0.007 s <<< ERROR!
java.lang.IllegalArgumentException: Password policy violation: Password must contain at least one uppercase letter; Password must contain at least one special character (!@#$%^&*()_+-=[]{}|;:,.<>?); Password is too common and easily guessable; Password should not contain obvious personal information
	at com.blog.api.entity.User$Builder.password(User.java:204)
	at com.blog.api.entity.BuilderPatternsTest.factoryMethods_ShouldCopyExistingEntities(BuilderPatternsTest.java:161)
	at java.base/java.lang.reflect.Method.invoke(Method.java:580)
	at java.base/java.util.ArrayList.forEach(ArrayList.java:1596)
	at java.base/java.util.ArrayList.forEach(ArrayList.java:1596)

com.blog.api.entity.BuilderPatternsTest.businessRules_ShouldApplyCorrectly -- Time elapsed: 0.005 s <<< ERROR!
java.lang.IllegalArgumentException: Password policy violation: Password must be at least 8 characters long; Password must contain at least one uppercase letter; Password must contain at least one special character (!@#$%^&*()_+-=[]{}|;:,.<>?); Password is too common and easily guessable
	at com.blog.api.entity.User$Builder.password(User.java:204)
	at com.blog.api.entity.BuilderPatternsTest.businessRules_ShouldApplyCorrectly(BuilderPatternsTest.java:180)
	at java.base/java.lang.reflect.Method.invoke(Method.java:580)
	at java.base/java.util.ArrayList.forEach(ArrayList.java:1596)
	at java.base/java.util.ArrayList.forEach(ArrayList.java:1596)

