-------------------------------------------------------------------------------
Test set: com.blog.api.service.AuthServiceEmailVerificationTest
-------------------------------------------------------------------------------
Tests run: 18, Failures: 4, Errors: 1, Skipped: 0, Time elapsed: 0.092 s <<< FAILURE! -- in com.blog.api.service.AuthServiceEmailVerificationTest
com.blog.api.service.AuthServiceEmailVerificationTest.login_WithExpiredLock_UnlocksAccountAndProceedsWithLogin -- Time elapsed: 0.011 s <<< FAILURE!
org.opentest4j.AssertionFailedError: Unexpected exception thrown: java.lang.NullPointerException: Cannot invoke "com.blog.api.service.AuditLogService.logFailure(com.blog.api.entity.AuditLog$AuditAction, java.lang.Long, String, jakarta.servlet.http.HttpServletRequest, String, java.lang.Long, String, String)" because "<local6>.auditLogService" is null
	at org.junit.jupiter.api.AssertionFailureBuilder.build(AssertionFailureBuilder.java:152)
	at org.junit.jupiter.api.AssertDoesNotThrow.createAssertionFailedError(AssertDoesNotThrow.java:84)
	at org.junit.jupiter.api.AssertDoesNotThrow.assertDoesNotThrow(AssertDoesNotThrow.java:75)
	at org.junit.jupiter.api.AssertDoesNotThrow.assertDoesNotThrow(AssertDoesNotThrow.java:58)
	at org.junit.jupiter.api.Assertions.assertDoesNotThrow(Assertions.java:3228)
	at com.blog.api.service.AuthServiceEmailVerificationTest.login_WithExpiredLock_UnlocksAccountAndProceedsWithLogin(AuthServiceEmailVerificationTest.java:178)
	at java.base/java.lang.reflect.Method.invoke(Method.java:580)
	at java.base/java.util.ArrayList.forEach(ArrayList.java:1596)
	at java.base/java.util.ArrayList.forEach(ArrayList.java:1596)
Caused by: java.lang.NullPointerException: Cannot invoke "com.blog.api.service.AuditLogService.logFailure(com.blog.api.entity.AuditLog$AuditAction, java.lang.Long, String, jakarta.servlet.http.HttpServletRequest, String, java.lang.Long, String, String)" because "<local6>.auditLogService" is null
	at com.blog.api.service.AuthService.login(AuthService.java:173)
	at com.blog.api.service.AuthService.login(AuthService.java:97)
	at com.blog.api.service.AuthServiceEmailVerificationTest.lambda$login_WithExpiredLock_UnlocksAccountAndProceedsWithLogin$4(AuthServiceEmailVerificationTest.java:178)
	at org.junit.jupiter.api.AssertDoesNotThrow.assertDoesNotThrow(AssertDoesNotThrow.java:71)
	... 6 more

com.blog.api.service.AuthServiceEmailVerificationTest.verifyEmail_ShouldThrowBadRequestException_WhenTokenIsExpired -- Time elapsed: 0.003 s <<< FAILURE!
org.opentest4j.AssertionFailedError: expected: <true> but was: <false>
	at org.junit.jupiter.api.AssertionFailureBuilder.build(AssertionFailureBuilder.java:151)
	at org.junit.jupiter.api.AssertionFailureBuilder.buildAndThrow(AssertionFailureBuilder.java:132)
	at org.junit.jupiter.api.AssertTrue.failNotTrue(AssertTrue.java:63)
	at org.junit.jupiter.api.AssertTrue.assertTrue(AssertTrue.java:36)
	at org.junit.jupiter.api.AssertTrue.assertTrue(AssertTrue.java:31)
	at org.junit.jupiter.api.Assertions.assertTrue(Assertions.java:183)
	at com.blog.api.service.AuthServiceEmailVerificationTest.verifyEmail_ShouldThrowBadRequestException_WhenTokenIsExpired(AuthServiceEmailVerificationTest.java:238)
	at java.base/java.lang.reflect.Method.invoke(Method.java:580)
	at java.base/java.util.ArrayList.forEach(ArrayList.java:1596)
	at java.base/java.util.ArrayList.forEach(ArrayList.java:1596)

com.blog.api.service.AuthServiceEmailVerificationTest.login_FiveFailedAttempts_LocksAccount -- Time elapsed: 0.004 s <<< FAILURE!
org.opentest4j.AssertionFailedError: Unexpected exception type thrown, expected: <com.blog.api.exception.BadRequestException> but was: <java.lang.NullPointerException>
	at org.junit.jupiter.api.AssertionFailureBuilder.build(AssertionFailureBuilder.java:151)
	at org.junit.jupiter.api.AssertThrows.assertThrows(AssertThrows.java:67)
	at org.junit.jupiter.api.AssertThrows.assertThrows(AssertThrows.java:35)
	at org.junit.jupiter.api.Assertions.assertThrows(Assertions.java:3115)
	at com.blog.api.service.AuthServiceEmailVerificationTest.login_FiveFailedAttempts_LocksAccount(AuthServiceEmailVerificationTest.java:401)
	at java.base/java.lang.reflect.Method.invoke(Method.java:580)
	at java.base/java.util.ArrayList.forEach(ArrayList.java:1596)
	at java.base/java.util.ArrayList.forEach(ArrayList.java:1596)
Caused by: java.lang.NullPointerException: Cannot invoke "com.blog.api.service.AuditLogService.logFailure(com.blog.api.entity.AuditLog$AuditAction, java.lang.Long, String, jakarta.servlet.http.HttpServletRequest, String, java.lang.Long, String, String)" because "<local6>.auditLogService" is null
	at com.blog.api.service.AuthService.login(AuthService.java:173)
	at com.blog.api.service.AuthService.login(AuthService.java:97)
	at com.blog.api.service.AuthServiceEmailVerificationTest.lambda$login_FiveFailedAttempts_LocksAccount$15(AuthServiceEmailVerificationTest.java:401)
	at org.junit.jupiter.api.AssertThrows.assertThrows(AssertThrows.java:53)
	... 6 more

com.blog.api.service.AuthServiceEmailVerificationTest.resetPassword_ShouldResetSuccessfully_WhenTokenIsValid -- Time elapsed: 0.003 s <<< ERROR!
java.lang.IllegalArgumentException: Password policy violation: Password must contain at least one uppercase letter; Password must contain at least one digit; Password must contain at least one special character (!@#$%^&*()_+-=[]{}|;:,.<>?)
	at com.blog.api.entity.User$Builder.password(User.java:204)
	at com.blog.api.service.AuthService.resetPassword(AuthService.java:250)
	at com.blog.api.service.AuthServiceEmailVerificationTest.resetPassword_ShouldResetSuccessfully_WhenTokenIsValid(AuthServiceEmailVerificationTest.java:344)
	at java.base/java.lang.reflect.Method.invoke(Method.java:580)
	at java.base/java.util.ArrayList.forEach(ArrayList.java:1596)
	at java.base/java.util.ArrayList.forEach(ArrayList.java:1596)

com.blog.api.service.AuthServiceEmailVerificationTest.login_FailedAuthentication_IncrementsFailedAttempts -- Time elapsed: 0.008 s <<< FAILURE!
org.opentest4j.AssertionFailedError: Unexpected exception type thrown, expected: <com.blog.api.exception.BadRequestException> but was: <java.lang.NullPointerException>
	at org.junit.jupiter.api.AssertionFailureBuilder.build(AssertionFailureBuilder.java:151)
	at org.junit.jupiter.api.AssertThrows.assertThrows(AssertThrows.java:67)
	at org.junit.jupiter.api.AssertThrows.assertThrows(AssertThrows.java:35)
	at org.junit.jupiter.api.Assertions.assertThrows(Assertions.java:3115)
	at com.blog.api.service.AuthServiceEmailVerificationTest.login_FailedAuthentication_IncrementsFailedAttempts(AuthServiceEmailVerificationTest.java:383)
	at java.base/java.lang.reflect.Method.invoke(Method.java:580)
	at java.base/java.util.ArrayList.forEach(ArrayList.java:1596)
	at java.base/java.util.ArrayList.forEach(ArrayList.java:1596)
Caused by: java.lang.NullPointerException: Cannot invoke "com.blog.api.service.AuditLogService.logFailure(com.blog.api.entity.AuditLog$AuditAction, java.lang.Long, String, jakarta.servlet.http.HttpServletRequest, String, java.lang.Long, String, String)" because "<local6>.auditLogService" is null
	at com.blog.api.service.AuthService.login(AuthService.java:173)
	at com.blog.api.service.AuthService.login(AuthService.java:97)
	at com.blog.api.service.AuthServiceEmailVerificationTest.lambda$login_FailedAuthentication_IncrementsFailedAttempts$13(AuthServiceEmailVerificationTest.java:383)
	at org.junit.jupiter.api.AssertThrows.assertThrows(AssertThrows.java:53)
	... 6 more

