-------------------------------------------------------------------------------
Test set: com.blog.api.service.AuthServiceTest
-------------------------------------------------------------------------------
Tests run: 6, Failures: 0, Errors: 2, Skipped: 0, Time elapsed: 0.368 s <<< FAILURE! -- in com.blog.api.service.AuthServiceTest
com.blog.api.service.AuthServiceTest.login_WhenValidCredentials_ShouldReturnJwtResponse -- Time elapsed: 0.136 s <<< ERROR!
org.mockito.exceptions.misusing.UnnecessaryStubbingException: 

Unnecessary stubbings detected.
Clean & maintainable test code requires zero unnecessary code.
Following stubbings are unnecessary (click to navigate to relevant line of code):
  1. -> at com.blog.api.service.AuthServiceTest.login_WhenValidCredentials_ShouldReturnJwtResponse(AuthServiceTest.java:121)
Please remove unnecessary stubbings or use 'lenient' strictness. More info: javadoc for UnnecessaryStubbingException class.
	at org.mockito.junit.jupiter.MockitoExtension.afterEach(MockitoExtension.java:192)
	at java.base/java.util.ArrayList.forEach(ArrayList.java:1596)
	at java.base/java.util.ArrayList.forEach(ArrayList.java:1596)

com.blog.api.service.AuthServiceTest.login_WhenUserNotFound_ShouldThrowBadRequestException -- Time elapsed: 0.007 s <<< ERROR!
org.mockito.exceptions.misusing.UnnecessaryStubbingException: 

Unnecessary stubbings detected.
Clean & maintainable test code requires zero unnecessary code.
Following stubbings are unnecessary (click to navigate to relevant line of code):
  1. -> at com.blog.api.service.AuthServiceTest.login_WhenUserNotFound_ShouldThrowBadRequestException(AuthServiceTest.java:154)
Please remove unnecessary stubbings or use 'lenient' strictness. More info: javadoc for UnnecessaryStubbingException class.
	at org.mockito.junit.jupiter.MockitoExtension.afterEach(MockitoExtension.java:192)
	at java.base/java.util.ArrayList.forEach(ArrayList.java:1596)
	at java.base/java.util.ArrayList.forEach(ArrayList.java:1596)

