-------------------------------------------------------------------------------
Test set: com.blog.api.controller.WorkingPostControllerIntegrationTest
-------------------------------------------------------------------------------
Tests run: 8, Failures: 3, Errors: 0, Skipped: 0, Time elapsed: 0.579 s <<< FAILURE! -- in com.blog.api.controller.WorkingPostControllerIntegrationTest
com.blog.api.controller.WorkingPostControllerIntegrationTest.updatePost_ShouldUpdateAndReturnPost -- Time elapsed: 0.024 s <<< FAILURE!
java.lang.AssertionError: Status expected:<200> but was:<500>
	at org.springframework.test.util.AssertionErrors.fail(AssertionErrors.java:59)
	at org.springframework.test.util.AssertionErrors.assertEquals(AssertionErrors.java:122)
	at org.springframework.test.web.servlet.result.StatusResultMatchers.lambda$matcher$9(StatusResultMatchers.java:637)
	at org.springframework.test.web.servlet.MockMvc$1.andExpect(MockMvc.java:214)
	at com.blog.api.controller.WorkingPostControllerIntegrationTest.updatePost_ShouldUpdateAndReturnPost(WorkingPostControllerIntegrationTest.java:147)
	at java.base/java.lang.reflect.Method.invoke(Method.java:580)
	at java.base/java.util.ArrayList.forEach(ArrayList.java:1596)
	at java.base/java.util.ArrayList.forEach(ArrayList.java:1596)

com.blog.api.controller.WorkingPostControllerIntegrationTest.deletePost_ShouldReturnNoContent -- Time elapsed: 0.009 s <<< FAILURE!
java.lang.AssertionError: Status expected:<204> but was:<500>
	at org.springframework.test.util.AssertionErrors.fail(AssertionErrors.java:59)
	at org.springframework.test.util.AssertionErrors.assertEquals(AssertionErrors.java:122)
	at org.springframework.test.web.servlet.result.StatusResultMatchers.lambda$matcher$9(StatusResultMatchers.java:637)
	at org.springframework.test.web.servlet.MockMvc$1.andExpect(MockMvc.java:214)
	at com.blog.api.controller.WorkingPostControllerIntegrationTest.deletePost_ShouldReturnNoContent(WorkingPostControllerIntegrationTest.java:161)
	at java.base/java.lang.reflect.Method.invoke(Method.java:580)
	at java.base/java.util.ArrayList.forEach(ArrayList.java:1596)
	at java.base/java.util.ArrayList.forEach(ArrayList.java:1596)

com.blog.api.controller.WorkingPostControllerIntegrationTest.createPost_ShouldCreateAndReturnPost -- Time elapsed: 0.007 s <<< FAILURE!
java.lang.AssertionError: Status expected:<201> but was:<500>
	at org.springframework.test.util.AssertionErrors.fail(AssertionErrors.java:59)
	at org.springframework.test.util.AssertionErrors.assertEquals(AssertionErrors.java:122)
	at org.springframework.test.web.servlet.result.StatusResultMatchers.lambda$matcher$9(StatusResultMatchers.java:637)
	at org.springframework.test.web.servlet.MockMvc$1.andExpect(MockMvc.java:214)
	at com.blog.api.controller.WorkingPostControllerIntegrationTest.createPost_ShouldCreateAndReturnPost(WorkingPostControllerIntegrationTest.java:130)
	at java.base/java.lang.reflect.Method.invoke(Method.java:580)
	at java.base/java.util.ArrayList.forEach(ArrayList.java:1596)
	at java.base/java.util.ArrayList.forEach(ArrayList.java:1596)

