-------------------------------------------------------------------------------
Test set: com.blog.api.service.CustomUserDetailsServiceTest
-------------------------------------------------------------------------------
Tests run: 8, Failures: 0, Errors: 3, Skipped: 0, Time elapsed: 0.021 s <<< FAILURE! -- in com.blog.api.service.CustomUserDetailsServiceTest
com.blog.api.service.CustomUserDetailsServiceTest.loadUserByUsername_ShouldReturnUserDetailsWithModeratorRole_WhenUserIsModerator -- Time elapsed: 0.004 s <<< ERROR!
org.mockito.exceptions.misusing.UnnecessaryStubbingException: 

Unnecessary stubbings detected.
Clean & maintainable test code requires zero unnecessary code.
Following stubbings are unnecessary (click to navigate to relevant line of code):
  1. -> at com.blog.api.service.CustomUserDetailsServiceTest.loadUserByUsername_ShouldReturnUserDetailsWithModeratorRole_WhenUserIsModerator(CustomUserDetailsServiceTest.java:126)
Please remove unnecessary stubbings or use 'lenient' strictness. More info: javadoc for UnnecessaryStubbingException class.
	at org.mockito.junit.jupiter.MockitoExtension.afterEach(MockitoExtension.java:192)
	at java.base/java.util.ArrayList.forEach(ArrayList.java:1596)
	at java.base/java.util.ArrayList.forEach(ArrayList.java:1596)

com.blog.api.service.CustomUserDetailsServiceTest.loadUserByUsername_ShouldReturnUserDetails_WhenUserFoundByUsername -- Time elapsed: 0.001 s <<< ERROR!
org.mockito.exceptions.misusing.UnnecessaryStubbingException: 

Unnecessary stubbings detected.
Clean & maintainable test code requires zero unnecessary code.
Following stubbings are unnecessary (click to navigate to relevant line of code):
  1. -> at com.blog.api.service.CustomUserDetailsServiceTest.loadUserByUsername_ShouldReturnUserDetails_WhenUserFoundByUsername(CustomUserDetailsServiceTest.java:48)
Please remove unnecessary stubbings or use 'lenient' strictness. More info: javadoc for UnnecessaryStubbingException class.
	at org.mockito.junit.jupiter.MockitoExtension.afterEach(MockitoExtension.java:192)
	at java.base/java.util.ArrayList.forEach(ArrayList.java:1596)
	at java.base/java.util.ArrayList.forEach(ArrayList.java:1596)

com.blog.api.service.CustomUserDetailsServiceTest.loadUserByUsername_ShouldReturnUserDetailsWithAdminRole_WhenUserIsAdmin -- Time elapsed: 0.003 s <<< ERROR!
org.mockito.exceptions.misusing.UnnecessaryStubbingException: 

Unnecessary stubbings detected.
Clean & maintainable test code requires zero unnecessary code.
Following stubbings are unnecessary (click to navigate to relevant line of code):
  1. -> at com.blog.api.service.CustomUserDetailsServiceTest.loadUserByUsername_ShouldReturnUserDetailsWithAdminRole_WhenUserIsAdmin(CustomUserDetailsServiceTest.java:100)
Please remove unnecessary stubbings or use 'lenient' strictness. More info: javadoc for UnnecessaryStubbingException class.
	at org.mockito.junit.jupiter.MockitoExtension.afterEach(MockitoExtension.java:192)
	at java.base/java.util.ArrayList.forEach(ArrayList.java:1596)
	at java.base/java.util.ArrayList.forEach(ArrayList.java:1596)

