-------------------------------------------------------------------------------
Test set: com.blog.api.controller.WorkingUserControllerTest
-------------------------------------------------------------------------------
Tests run: 7, Failures: 7, Errors: 0, Skipped: 0, Time elapsed: 0.726 s <<< FAILURE! -- in com.blog.api.controller.WorkingUserControllerTest
com.blog.api.controller.WorkingUserControllerTest.getUserByUsername_ShouldReturnUser_WhenExists -- Time elapsed: 0.040 s <<< FAILURE!
java.lang.AssertionError: Content type not set
	at org.springframework.test.util.AssertionErrors.fail(AssertionErrors.java:37)
	at org.springframework.test.util.AssertionErrors.assertTrue(AssertionErrors.java:70)
	at org.springframework.test.util.AssertionErrors.assertNotNull(AssertionErrors.java:106)
	at org.springframework.test.web.servlet.result.ContentResultMatchers.lambda$contentType$0(ContentResultMatchers.java:85)
	at org.springframework.test.web.servlet.MockMvc$1.andExpect(MockMvc.java:214)
	at com.blog.api.controller.WorkingUserControllerTest.getUserByUsername_ShouldReturnUser_WhenExists(WorkingUserControllerTest.java:129)
	at java.base/java.lang.reflect.Method.invoke(Method.java:580)
	at java.base/java.util.ArrayList.forEach(ArrayList.java:1596)
	at java.base/java.util.ArrayList.forEach(ArrayList.java:1596)

com.blog.api.controller.WorkingUserControllerTest.getUserById_ShouldReturnNotFound_WhenNotExists -- Time elapsed: 0.005 s <<< FAILURE!
java.lang.AssertionError: Status expected:<404> but was:<200>
	at org.springframework.test.util.AssertionErrors.fail(AssertionErrors.java:59)
	at org.springframework.test.util.AssertionErrors.assertEquals(AssertionErrors.java:122)
	at org.springframework.test.web.servlet.result.StatusResultMatchers.lambda$matcher$9(StatusResultMatchers.java:637)
	at org.springframework.test.web.servlet.MockMvc$1.andExpect(MockMvc.java:214)
	at com.blog.api.controller.WorkingUserControllerTest.getUserById_ShouldReturnNotFound_WhenNotExists(WorkingUserControllerTest.java:147)
	at java.base/java.lang.reflect.Method.invoke(Method.java:580)
	at java.base/java.util.ArrayList.forEach(ArrayList.java:1596)
	at java.base/java.util.ArrayList.forEach(ArrayList.java:1596)

com.blog.api.controller.WorkingUserControllerTest.getUserByUsername_ShouldReturnNotFound_WhenNotExists -- Time elapsed: 0.005 s <<< FAILURE!
java.lang.AssertionError: Status expected:<404> but was:<200>
	at org.springframework.test.util.AssertionErrors.fail(AssertionErrors.java:59)
	at org.springframework.test.util.AssertionErrors.assertEquals(AssertionErrors.java:122)
	at org.springframework.test.web.servlet.result.StatusResultMatchers.lambda$matcher$9(StatusResultMatchers.java:637)
	at org.springframework.test.web.servlet.MockMvc$1.andExpect(MockMvc.java:214)
	at com.blog.api.controller.WorkingUserControllerTest.getUserByUsername_ShouldReturnNotFound_WhenNotExists(WorkingUserControllerTest.java:162)
	at java.base/java.lang.reflect.Method.invoke(Method.java:580)
	at java.base/java.util.ArrayList.forEach(ArrayList.java:1596)
	at java.base/java.util.ArrayList.forEach(ArrayList.java:1596)

com.blog.api.controller.WorkingUserControllerTest.getAllUsers_ShouldReturnPageOfUsers -- Time elapsed: 0.006 s <<< FAILURE!
java.lang.AssertionError: Content type not set
	at org.springframework.test.util.AssertionErrors.fail(AssertionErrors.java:37)
	at org.springframework.test.util.AssertionErrors.assertTrue(AssertionErrors.java:70)
	at org.springframework.test.util.AssertionErrors.assertNotNull(AssertionErrors.java:106)
	at org.springframework.test.web.servlet.result.ContentResultMatchers.lambda$contentType$0(ContentResultMatchers.java:85)
	at org.springframework.test.web.servlet.MockMvc$1.andExpect(MockMvc.java:214)
	at com.blog.api.controller.WorkingUserControllerTest.getAllUsers_ShouldReturnPageOfUsers(WorkingUserControllerTest.java:88)
	at java.base/java.lang.reflect.Method.invoke(Method.java:580)
	at java.base/java.util.ArrayList.forEach(ArrayList.java:1596)
	at java.base/java.util.ArrayList.forEach(ArrayList.java:1596)

com.blog.api.controller.WorkingUserControllerTest.getAllUsers_ShouldHandlePagination -- Time elapsed: 0.005 s <<< FAILURE!
java.lang.AssertionError: Content type not set
	at org.springframework.test.util.AssertionErrors.fail(AssertionErrors.java:37)
	at org.springframework.test.util.AssertionErrors.assertTrue(AssertionErrors.java:70)
	at org.springframework.test.util.AssertionErrors.assertNotNull(AssertionErrors.java:106)
	at org.springframework.test.web.servlet.result.ContentResultMatchers.lambda$contentType$0(ContentResultMatchers.java:85)
	at org.springframework.test.web.servlet.MockMvc$1.andExpect(MockMvc.java:214)
	at com.blog.api.controller.WorkingUserControllerTest.getAllUsers_ShouldHandlePagination(WorkingUserControllerTest.java:200)
	at java.base/java.lang.reflect.Method.invoke(Method.java:580)
	at java.base/java.util.ArrayList.forEach(ArrayList.java:1596)
	at java.base/java.util.ArrayList.forEach(ArrayList.java:1596)

com.blog.api.controller.WorkingUserControllerTest.getAllUsers_ShouldReturnEmptyPage_WhenNoUsers -- Time elapsed: 0.005 s <<< FAILURE!
java.lang.AssertionError: Content type not set
	at org.springframework.test.util.AssertionErrors.fail(AssertionErrors.java:37)
	at org.springframework.test.util.AssertionErrors.assertTrue(AssertionErrors.java:70)
	at org.springframework.test.util.AssertionErrors.assertNotNull(AssertionErrors.java:106)
	at org.springframework.test.web.servlet.result.ContentResultMatchers.lambda$contentType$0(ContentResultMatchers.java:85)
	at org.springframework.test.web.servlet.MockMvc$1.andExpect(MockMvc.java:214)
	at com.blog.api.controller.WorkingUserControllerTest.getAllUsers_ShouldReturnEmptyPage_WhenNoUsers(WorkingUserControllerTest.java:178)
	at java.base/java.lang.reflect.Method.invoke(Method.java:580)
	at java.base/java.util.ArrayList.forEach(ArrayList.java:1596)
	at java.base/java.util.ArrayList.forEach(ArrayList.java:1596)

com.blog.api.controller.WorkingUserControllerTest.getUserById_ShouldReturnUser_WhenExists -- Time elapsed: 0.011 s <<< FAILURE!
java.lang.AssertionError: Content type not set
	at org.springframework.test.util.AssertionErrors.fail(AssertionErrors.java:37)
	at org.springframework.test.util.AssertionErrors.assertTrue(AssertionErrors.java:70)
	at org.springframework.test.util.AssertionErrors.assertNotNull(AssertionErrors.java:106)
	at org.springframework.test.web.servlet.result.ContentResultMatchers.lambda$contentType$0(ContentResultMatchers.java:85)
	at org.springframework.test.web.servlet.MockMvc$1.andExpect(MockMvc.java:214)
	at com.blog.api.controller.WorkingUserControllerTest.getUserById_ShouldReturnUser_WhenExists(WorkingUserControllerTest.java:109)
	at java.base/java.lang.reflect.Method.invoke(Method.java:580)
	at java.base/java.util.ArrayList.forEach(ArrayList.java:1596)
	at java.base/java.util.ArrayList.forEach(ArrayList.java:1596)

