<?xml version="1.0" encoding="UTF-8"?>
<testsuite xmlns:xsi="http://www.w3.org/2001/XMLSchema-instance" xsi:noNamespaceSchemaLocation="https://maven.apache.org/surefire/maven-surefire-plugin/xsd/surefire-test-report-3.0.xsd" version="3.0" name="com.blog.api.repository.TermsAcceptanceRepositoryTest" time="2.331" tests="18" errors="0" skipped="0" failures="1">
  <properties>
[...]
</properties>
  <testcase name="existsByUser_ShouldReturnCorrectResult" classname="com.blog.api.repository.TermsAcceptanceRepositoryTest" time="0.088">
    <system-out><![CDATA[2025-08-01T17:27:22.978-03:00  INFO 240539 --- [blog-api] [           main] [                                                 ] t.c.s.AnnotationConfigContextLoaderUtils : Could not detect default configuration classes for test class [com.blog.api.repository.TermsAcceptanceRepositoryTest]: TermsAcceptanceRepositoryTest does not declare any static, non-private, non-final, nested classes annotated with @Configuration.
2025-08-01T17:27:22.998-03:00  INFO 240539 --- [blog-api] [           main] [                                                 ] .b.t.c.SpringBootTestContextBootstrapper : Found @SpringBootConfiguration com.blog.api.BlogApiApplication for test class com.blog.api.repository.TermsAcceptanceRepositoryTest

  .   ____          _            __ _ _
 /\\ / ___'_ __ _ _(_)_ __  __ _ \ \ \ \
( ( )\___ | '_ | '_| | '_ \/ _` | \ \ \ \
 \\/  ___)| |_)| | | | | || (_| |  ) ) ) )
  '  |____| .__|_| |_|_| |_\__, | / / / /
 =========|_|==============|___/=/_/_/_/
 :: Spring Boot ::                (v3.2.0)

2025-08-01T17:27:23.082-03:00  INFO 240539 --- [blog-api] [           main] [                                                 ] c.b.a.r.TermsAcceptanceRepositoryTest    : Starting TermsAcceptanceRepositoryTest using Java 21.0.7 with PID 240539 (started by base in /home/base/Documentos/desenvolvimento/claude-estudo/first-project)
2025-08-01T17:27:23.082-03:00 DEBUG 240539 --- [blog-api] [           main] [                                                 ] c.b.a.r.TermsAcceptanceRepositoryTest    : Running with Spring Boot v3.2.0, Spring v6.1.1
2025-08-01T17:27:23.082-03:00  INFO 240539 --- [blog-api] [           main] [                                                 ] c.b.a.r.TermsAcceptanceRepositoryTest    : The following 1 profile is active: "test"
2025-08-01T17:27:23.267-03:00  INFO 240539 --- [blog-api] [           main] [                                                 ] .s.d.r.c.RepositoryConfigurationDelegate : Multiple Spring Data modules found, entering strict repository configuration mode
2025-08-01T17:27:23.267-03:00  INFO 240539 --- [blog-api] [           main] [                                                 ] .s.d.r.c.RepositoryConfigurationDelegate : Bootstrapping Spring Data JPA repositories in DEFAULT mode.
2025-08-01T17:27:23.296-03:00  INFO 240539 --- [blog-api] [           main] [                                                 ] .s.d.r.c.RepositoryConfigurationDelegate : Finished Spring Data repository scanning in 28 ms. Found 6 JPA repository interfaces.
2025-08-01T17:27:23.323-03:00  INFO 240539 --- [blog-api] [           main] [                                                 ] beddedDataSourceBeanFactoryPostProcessor : Replacing 'dataSource' DataSource bean with embedded version
2025-08-01T17:27:23.364-03:00  INFO 240539 --- [blog-api] [           main] [                                                 ] o.s.j.d.e.EmbeddedDatabaseFactory        : Starting embedded database: url='jdbc:h2:mem:e2a07d8f-6e2f-467e-8d49-c2cd141f8133;DB_CLOSE_DELAY=-1;DB_CLOSE_ON_EXIT=false', username='sa'
2025-08-01T17:27:23.443-03:00  INFO 240539 --- [blog-api] [           main] [                                                 ] o.s.o.j.p.SpringPersistenceUnitInfo      : No LoadTimeWeaver setup: ignoring JPA class transformer
2025-08-01T17:27:23.452-03:00  WARN 240539 --- [blog-api] [           main] [                                                 ] org.hibernate.orm.deprecation            : HHH90000025: H2Dialect does not need to be specified explicitly using 'hibernate.dialect' (remove the property setting and it will be selected by default)
Hibernate: drop table if exists categories cascade 
Hibernate: drop table if exists comments cascade 
Hibernate: drop table if exists posts cascade 
Hibernate: drop table if exists terms_acceptance cascade 
Hibernate: drop table if exists users cascade 
Hibernate: drop table if exists verification_tokens cascade 
Hibernate: create table categories (id bigint generated by default as identity, description varchar(255), name varchar(255) unique, primary key (id))
Hibernate: create table comments (created_at timestamp(6), id bigint generated by default as identity, parent_id bigint, post_id bigint not null, user_id bigint not null, content TEXT, primary key (id))
Hibernate: create table posts (published boolean not null, category_id bigint, created_at timestamp(6), id bigint generated by default as identity, updated_at timestamp(6), user_id bigint not null, content TEXT, title varchar(255), primary key (id))
Hibernate: create table terms_acceptance (accepted_at timestamp(6) not null, id bigint generated by default as identity, user_id bigint not null, ip_address varchar(255), terms_version varchar(255) not null, user_agent TEXT, primary key (id))
Hibernate: create table users (account_locked boolean, email_verified boolean, failed_login_attempts integer, created_at timestamp(6), email_verified_at timestamp(6), id bigint generated by default as identity, last_login timestamp(6), locked_until timestamp(6), password_changed_at timestamp(6), email varchar(255) unique, password varchar(255), role varchar(255) check (role in ('USER','AUTHOR','ADMIN')), terms_accepted_version varchar(255), username varchar(255) unique, primary key (id))
Hibernate: create table verification_tokens (created_at timestamp(6), expires_at timestamp(6) not null, id bigint generated by default as identity, used_at timestamp(6), user_id bigint not null, token varchar(255) not null unique, token_type varchar(255) not null check (token_type in ('EMAIL_VERIFICATION','PASSWORD_RESET','PHONE_VERIFICATION')), primary key (id))
Hibernate: alter table if exists comments add constraint FKlri30okf66phtcgbe5pok7cc0 foreign key (parent_id) references comments
Hibernate: alter table if exists comments add constraint FKh4c7lvsc298whoyd4w9ta25cr foreign key (post_id) references posts
Hibernate: alter table if exists comments add constraint FK8omq0tc18jd43bu5tjh6jvraq foreign key (user_id) references users
Hibernate: alter table if exists posts add constraint FKijnwr3brs8vaosl80jg9rp7uc foreign key (category_id) references categories
Hibernate: alter table if exists posts add constraint FK5lidm6cqbc7u4xhqpxm898qme foreign key (user_id) references users
Hibernate: alter table if exists terms_acceptance add constraint FK1r5ej7gned9fbpexbgiglhkf1 foreign key (user_id) references users
Hibernate: alter table if exists verification_tokens add constraint FK54y8mqsnq1rtyf581sfmrbp4f foreign key (user_id) references users
2025-08-01T17:27:23.877-03:00  INFO 240539 --- [blog-api] [           main] [                                                 ] j.LocalContainerEntityManagerFactoryBean : Initialized JPA EntityManagerFactory for persistence unit 'default'
2025-08-01T17:27:24.365-03:00  INFO 240539 --- [blog-api] [           main] [                                                 ] c.b.a.r.TermsAcceptanceRepositoryTest    : Started TermsAcceptanceRepositoryTest in 1.357 seconds (process running for 30.061)
Hibernate: insert into users (account_locked,created_at,email,email_verified,email_verified_at,failed_login_attempts,last_login,locked_until,password,password_changed_at,role,terms_accepted_version,username,id) values (?,?,?,?,?,?,?,?,?,?,?,?,?,default)
Hibernate: insert into users (account_locked,created_at,email,email_verified,email_verified_at,failed_login_attempts,last_login,locked_until,password,password_changed_at,role,terms_accepted_version,username,id) values (?,?,?,?,?,?,?,?,?,?,?,?,?,default)
Hibernate: insert into terms_acceptance (accepted_at,ip_address,terms_version,user_id,user_agent,id) values (?,?,?,?,?,default)
Hibernate: insert into terms_acceptance (accepted_at,ip_address,terms_version,user_id,user_agent,id) values (?,?,?,?,?,default)
Hibernate: insert into terms_acceptance (accepted_at,ip_address,terms_version,user_id,user_agent,id) values (?,?,?,?,?,default)
Hibernate: select ta1_0.id from terms_acceptance ta1_0 where ta1_0.user_id=? fetch first ? rows only
Hibernate: select ta1_0.id from terms_acceptance ta1_0 where ta1_0.user_id=? fetch first ? rows only
]]></system-out>
  </testcase>
  <testcase name="countByTermsVersion_ShouldReturnCorrectCount" classname="com.blog.api.repository.TermsAcceptanceRepositoryTest" time="0.04">
    <system-out><![CDATA[Hibernate: insert into users (account_locked,created_at,email,email_verified,email_verified_at,failed_login_attempts,last_login,locked_until,password,password_changed_at,role,terms_accepted_version,username,id) values (?,?,?,?,?,?,?,?,?,?,?,?,?,default)
Hibernate: insert into users (account_locked,created_at,email,email_verified,email_verified_at,failed_login_attempts,last_login,locked_until,password,password_changed_at,role,terms_accepted_version,username,id) values (?,?,?,?,?,?,?,?,?,?,?,?,?,default)
Hibernate: insert into terms_acceptance (accepted_at,ip_address,terms_version,user_id,user_agent,id) values (?,?,?,?,?,default)
Hibernate: insert into terms_acceptance (accepted_at,ip_address,terms_version,user_id,user_agent,id) values (?,?,?,?,?,default)
Hibernate: insert into terms_acceptance (accepted_at,ip_address,terms_version,user_id,user_agent,id) values (?,?,?,?,?,default)
Hibernate: select count(ta1_0.id) from terms_acceptance ta1_0 where ta1_0.terms_version=?
Hibernate: select count(ta1_0.id) from terms_acceptance ta1_0 where ta1_0.terms_version=?
Hibernate: select count(ta1_0.id) from terms_acceptance ta1_0 where ta1_0.terms_version=?
]]></system-out>
  </testcase>
  <testcase name="findByAcceptedAtBetweenWithPagination_ShouldReturnPagedResults" classname="com.blog.api.repository.TermsAcceptanceRepositoryTest" time="0.124">
    <system-out><![CDATA[Hibernate: insert into users (account_locked,created_at,email,email_verified,email_verified_at,failed_login_attempts,last_login,locked_until,password,password_changed_at,role,terms_accepted_version,username,id) values (?,?,?,?,?,?,?,?,?,?,?,?,?,default)
Hibernate: insert into users (account_locked,created_at,email,email_verified,email_verified_at,failed_login_attempts,last_login,locked_until,password,password_changed_at,role,terms_accepted_version,username,id) values (?,?,?,?,?,?,?,?,?,?,?,?,?,default)
Hibernate: insert into terms_acceptance (accepted_at,ip_address,terms_version,user_id,user_agent,id) values (?,?,?,?,?,default)
Hibernate: insert into terms_acceptance (accepted_at,ip_address,terms_version,user_id,user_agent,id) values (?,?,?,?,?,default)
Hibernate: insert into terms_acceptance (accepted_at,ip_address,terms_version,user_id,user_agent,id) values (?,?,?,?,?,default)
Hibernate: select ta1_0.id,ta1_0.accepted_at,ta1_0.ip_address,ta1_0.terms_version,ta1_0.user_id,ta1_0.user_agent from terms_acceptance ta1_0 where ta1_0.accepted_at between ? and ? order by ta1_0.accepted_at desc offset ? rows fetch first ? rows only
Hibernate: select count(ta1_0.id) from terms_acceptance ta1_0 where ta1_0.accepted_at between ? and ?
]]></system-out>
  </testcase>
  <testcase name="findByTermsVersionOrderByAcceptedAtDesc_ShouldReturnAllAcceptancesForVersion" classname="com.blog.api.repository.TermsAcceptanceRepositoryTest" time="0.031">
    <system-out><![CDATA[Hibernate: insert into users (account_locked,created_at,email,email_verified,email_verified_at,failed_login_attempts,last_login,locked_until,password,password_changed_at,role,terms_accepted_version,username,id) values (?,?,?,?,?,?,?,?,?,?,?,?,?,default)
Hibernate: insert into users (account_locked,created_at,email,email_verified,email_verified_at,failed_login_attempts,last_login,locked_until,password,password_changed_at,role,terms_accepted_version,username,id) values (?,?,?,?,?,?,?,?,?,?,?,?,?,default)
Hibernate: insert into terms_acceptance (accepted_at,ip_address,terms_version,user_id,user_agent,id) values (?,?,?,?,?,default)
Hibernate: insert into terms_acceptance (accepted_at,ip_address,terms_version,user_id,user_agent,id) values (?,?,?,?,?,default)
Hibernate: insert into terms_acceptance (accepted_at,ip_address,terms_version,user_id,user_agent,id) values (?,?,?,?,?,default)
Hibernate: select ta1_0.id,ta1_0.accepted_at,ta1_0.ip_address,ta1_0.terms_version,ta1_0.user_id,ta1_0.user_agent from terms_acceptance ta1_0 where ta1_0.terms_version=? order by ta1_0.accepted_at desc
]]></system-out>
  </testcase>
  <testcase name="findByUserIdOrderByAcceptedAtDesc_ShouldReturnAllUserAcceptancesOrdered" classname="com.blog.api.repository.TermsAcceptanceRepositoryTest" time="0.04">
    <system-out><![CDATA[Hibernate: insert into users (account_locked,created_at,email,email_verified,email_verified_at,failed_login_attempts,last_login,locked_until,password,password_changed_at,role,terms_accepted_version,username,id) values (?,?,?,?,?,?,?,?,?,?,?,?,?,default)
Hibernate: insert into users (account_locked,created_at,email,email_verified,email_verified_at,failed_login_attempts,last_login,locked_until,password,password_changed_at,role,terms_accepted_version,username,id) values (?,?,?,?,?,?,?,?,?,?,?,?,?,default)
Hibernate: insert into terms_acceptance (accepted_at,ip_address,terms_version,user_id,user_agent,id) values (?,?,?,?,?,default)
Hibernate: insert into terms_acceptance (accepted_at,ip_address,terms_version,user_id,user_agent,id) values (?,?,?,?,?,default)
Hibernate: insert into terms_acceptance (accepted_at,ip_address,terms_version,user_id,user_agent,id) values (?,?,?,?,?,default)
Hibernate: select ta1_0.id,ta1_0.accepted_at,ta1_0.ip_address,ta1_0.terms_version,ta1_0.user_id,ta1_0.user_agent from terms_acceptance ta1_0 where ta1_0.user_id=? order by ta1_0.accepted_at desc
]]></system-out>
  </testcase>
  <testcase name="findByUserOrderByAcceptedAtDesc_ShouldReturnAllUserAcceptancesOrdered" classname="com.blog.api.repository.TermsAcceptanceRepositoryTest" time="0.03">
    <system-out><![CDATA[Hibernate: insert into users (account_locked,created_at,email,email_verified,email_verified_at,failed_login_attempts,last_login,locked_until,password,password_changed_at,role,terms_accepted_version,username,id) values (?,?,?,?,?,?,?,?,?,?,?,?,?,default)
Hibernate: insert into users (account_locked,created_at,email,email_verified,email_verified_at,failed_login_attempts,last_login,locked_until,password,password_changed_at,role,terms_accepted_version,username,id) values (?,?,?,?,?,?,?,?,?,?,?,?,?,default)
Hibernate: insert into terms_acceptance (accepted_at,ip_address,terms_version,user_id,user_agent,id) values (?,?,?,?,?,default)
Hibernate: insert into terms_acceptance (accepted_at,ip_address,terms_version,user_id,user_agent,id) values (?,?,?,?,?,default)
Hibernate: insert into terms_acceptance (accepted_at,ip_address,terms_version,user_id,user_agent,id) values (?,?,?,?,?,default)
Hibernate: select ta1_0.id,ta1_0.accepted_at,ta1_0.ip_address,ta1_0.terms_version,ta1_0.user_id,ta1_0.user_agent from terms_acceptance ta1_0 where ta1_0.user_id=? order by ta1_0.accepted_at desc
]]></system-out>
  </testcase>
  <testcase name="findUsersWithoutLatestTermsWithPagination_ShouldReturnPagedResults" classname="com.blog.api.repository.TermsAcceptanceRepositoryTest" time="0.095">
    <system-out><![CDATA[Hibernate: insert into users (account_locked,created_at,email,email_verified,email_verified_at,failed_login_attempts,last_login,locked_until,password,password_changed_at,role,terms_accepted_version,username,id) values (?,?,?,?,?,?,?,?,?,?,?,?,?,default)
Hibernate: insert into users (account_locked,created_at,email,email_verified,email_verified_at,failed_login_attempts,last_login,locked_until,password,password_changed_at,role,terms_accepted_version,username,id) values (?,?,?,?,?,?,?,?,?,?,?,?,?,default)
Hibernate: insert into terms_acceptance (accepted_at,ip_address,terms_version,user_id,user_agent,id) values (?,?,?,?,?,default)
Hibernate: insert into terms_acceptance (accepted_at,ip_address,terms_version,user_id,user_agent,id) values (?,?,?,?,?,default)
Hibernate: insert into terms_acceptance (accepted_at,ip_address,terms_version,user_id,user_agent,id) values (?,?,?,?,?,default)
Hibernate: select u1_0.id,u1_0.account_locked,u1_0.created_at,u1_0.email,u1_0.email_verified,u1_0.email_verified_at,u1_0.failed_login_attempts,u1_0.last_login,u1_0.locked_until,u1_0.password,u1_0.password_changed_at,u1_0.role,u1_0.terms_accepted_version,u1_0.username,c1_0.user_id,c1_0.id,c1_0.content,c1_0.created_at,c1_0.parent_id,c1_0.post_id from users u1_0 left join comments c1_0 on u1_0.id=c1_0.user_id where u1_0.id=?
Hibernate: select p1_0.user_id,p1_0.id,p1_0.category_id,p1_0.content,p1_0.created_at,p1_0.published,p1_0.title,p1_0.updated_at from posts p1_0 where p1_0.user_id=?
Hibernate: select u1_0.id,u1_0.account_locked,u1_0.created_at,u1_0.email,u1_0.email_verified,u1_0.email_verified_at,u1_0.failed_login_attempts,u1_0.last_login,u1_0.locked_until,u1_0.password,u1_0.password_changed_at,u1_0.role,u1_0.terms_accepted_version,u1_0.username,c1_0.user_id,c1_0.id,c1_0.content,c1_0.created_at,c1_0.parent_id,c1_0.post_id from users u1_0 left join comments c1_0 on u1_0.id=c1_0.user_id where u1_0.id=?
Hibernate: select p1_0.user_id,p1_0.id,p1_0.category_id,p1_0.content,p1_0.created_at,p1_0.published,p1_0.title,p1_0.updated_at from posts p1_0 where p1_0.user_id=?
Hibernate: update users set account_locked=?,email=?,email_verified=?,email_verified_at=?,failed_login_attempts=?,last_login=?,locked_until=?,password=?,password_changed_at=?,role=?,terms_accepted_version=?,username=? where id=?
Hibernate: update users set account_locked=?,email=?,email_verified=?,email_verified_at=?,failed_login_attempts=?,last_login=?,locked_until=?,password=?,password_changed_at=?,role=?,terms_accepted_version=?,username=? where id=?
Hibernate: select distinct u1_0.id,u1_0.account_locked,u1_0.created_at,u1_0.email,u1_0.email_verified,u1_0.email_verified_at,u1_0.failed_login_attempts,u1_0.last_login,u1_0.locked_until,u1_0.password,u1_0.password_changed_at,u1_0.role,u1_0.terms_accepted_version,u1_0.username from users u1_0 where u1_0.terms_accepted_version!=? or u1_0.terms_accepted_version is null offset ? rows fetch first ? rows only
Hibernate: select count(distinct u1_0.id) from users u1_0 where u1_0.terms_accepted_version!=? or u1_0.terms_accepted_version is null
]]></system-out>
  </testcase>
  <testcase name="cascadeDelete_WhenUserDeleted_ShouldDeleteAcceptances" classname="com.blog.api.repository.TermsAcceptanceRepositoryTest" time="0.095">
    <system-out><![CDATA[Hibernate: insert into users (account_locked,created_at,email,email_verified,email_verified_at,failed_login_attempts,last_login,locked_until,password,password_changed_at,role,terms_accepted_version,username,id) values (?,?,?,?,?,?,?,?,?,?,?,?,?,default)
Hibernate: insert into users (account_locked,created_at,email,email_verified,email_verified_at,failed_login_attempts,last_login,locked_until,password,password_changed_at,role,terms_accepted_version,username,id) values (?,?,?,?,?,?,?,?,?,?,?,?,?,default)
Hibernate: insert into terms_acceptance (accepted_at,ip_address,terms_version,user_id,user_agent,id) values (?,?,?,?,?,default)
Hibernate: insert into terms_acceptance (accepted_at,ip_address,terms_version,user_id,user_agent,id) values (?,?,?,?,?,default)
Hibernate: insert into terms_acceptance (accepted_at,ip_address,terms_version,user_id,user_agent,id) values (?,?,?,?,?,default)
Hibernate: select count(*) from terms_acceptance ta1_0
Hibernate: select ta1_0.id,ta1_0.accepted_at,ta1_0.ip_address,ta1_0.terms_version,ta1_0.user_id,ta1_0.user_agent from terms_acceptance ta1_0 where ta1_0.user_id=? order by ta1_0.accepted_at desc
Hibernate: delete from terms_acceptance where id=?
Hibernate: delete from terms_acceptance where id=?
Hibernate: select u1_0.id,u1_0.account_locked,u1_0.created_at,u1_0.email,u1_0.email_verified,u1_0.email_verified_at,u1_0.failed_login_attempts,u1_0.last_login,u1_0.locked_until,u1_0.password,u1_0.password_changed_at,u1_0.role,u1_0.terms_accepted_version,u1_0.username,c1_0.user_id,c1_0.id,c1_0.content,c1_0.created_at,c1_0.parent_id,c1_0.post_id from users u1_0 left join comments c1_0 on u1_0.id=c1_0.user_id where u1_0.id=?
Hibernate: select p1_0.user_id,p1_0.id,p1_0.category_id,p1_0.content,p1_0.created_at,p1_0.published,p1_0.title,p1_0.updated_at from posts p1_0 where p1_0.user_id=?
Hibernate: delete from users where id=?
Hibernate: select count(*) from terms_acceptance ta1_0
Hibernate: select count(ta1_0.id)>0 from terms_acceptance ta1_0 where ta1_0.user_id=?
]]></system-out>
  </testcase>
  <testcase name="findLatestByUserId_ShouldReturnLatestAcceptance" classname="com.blog.api.repository.TermsAcceptanceRepositoryTest" time="0.026">
    <system-out><![CDATA[Hibernate: insert into users (account_locked,created_at,email,email_verified,email_verified_at,failed_login_attempts,last_login,locked_until,password,password_changed_at,role,terms_accepted_version,username,id) values (?,?,?,?,?,?,?,?,?,?,?,?,?,default)
Hibernate: insert into users (account_locked,created_at,email,email_verified,email_verified_at,failed_login_attempts,last_login,locked_until,password,password_changed_at,role,terms_accepted_version,username,id) values (?,?,?,?,?,?,?,?,?,?,?,?,?,default)
Hibernate: insert into terms_acceptance (accepted_at,ip_address,terms_version,user_id,user_agent,id) values (?,?,?,?,?,default)
Hibernate: insert into terms_acceptance (accepted_at,ip_address,terms_version,user_id,user_agent,id) values (?,?,?,?,?,default)
Hibernate: insert into terms_acceptance (accepted_at,ip_address,terms_version,user_id,user_agent,id) values (?,?,?,?,?,default)
Hibernate: select ta1_0.id,ta1_0.accepted_at,ta1_0.ip_address,ta1_0.terms_version,ta1_0.user_id,ta1_0.user_agent from terms_acceptance ta1_0 where ta1_0.user_id=? order by ta1_0.accepted_at desc fetch first 1 rows only
]]></system-out>
  </testcase>
  <testcase name="findByAcceptedAtBetween_ShouldReturnAcceptancesInDateRange" classname="com.blog.api.repository.TermsAcceptanceRepositoryTest" time="0.043">
    <failure message="&#10;Expected size: 2 but was: 0 in:&#10;[]" type="java.lang.AssertionError"><![CDATA[java.lang.AssertionError: 

Expected size: 2 but was: 0 in:
[]
	at com.blog.api.repository.TermsAcceptanceRepositoryTest.findByAcceptedAtBetween_ShouldReturnAcceptancesInDateRange(TermsAcceptanceRepositoryTest.java:182)
	at java.base/java.lang.reflect.Method.invoke(Method.java:580)
	at java.base/java.util.ArrayList.forEach(ArrayList.java:1596)
	at java.base/java.util.ArrayList.forEach(ArrayList.java:1596)
]]></failure>
    <system-out><![CDATA[Hibernate: insert into users (account_locked,created_at,email,email_verified,email_verified_at,failed_login_attempts,last_login,locked_until,password,password_changed_at,role,terms_accepted_version,username,id) values (?,?,?,?,?,?,?,?,?,?,?,?,?,default)
Hibernate: insert into users (account_locked,created_at,email,email_verified,email_verified_at,failed_login_attempts,last_login,locked_until,password,password_changed_at,role,terms_accepted_version,username,id) values (?,?,?,?,?,?,?,?,?,?,?,?,?,default)
Hibernate: insert into terms_acceptance (accepted_at,ip_address,terms_version,user_id,user_agent,id) values (?,?,?,?,?,default)
Hibernate: insert into terms_acceptance (accepted_at,ip_address,terms_version,user_id,user_agent,id) values (?,?,?,?,?,default)
Hibernate: insert into terms_acceptance (accepted_at,ip_address,terms_version,user_id,user_agent,id) values (?,?,?,?,?,default)
Hibernate: select ta1_0.id,ta1_0.accepted_at,ta1_0.ip_address,ta1_0.terms_version,ta1_0.user_id,ta1_0.user_agent from terms_acceptance ta1_0 where ta1_0.accepted_at between ? and ? order by ta1_0.accepted_at desc
]]></system-out>
  </testcase>
  <testcase name="findTopByUserOrderByAcceptedAtDesc_ShouldReturnLatestAcceptance" classname="com.blog.api.repository.TermsAcceptanceRepositoryTest" time="0.022">
    <system-out><![CDATA[Hibernate: insert into users (account_locked,created_at,email,email_verified,email_verified_at,failed_login_attempts,last_login,locked_until,password,password_changed_at,role,terms_accepted_version,username,id) values (?,?,?,?,?,?,?,?,?,?,?,?,?,default)
Hibernate: insert into users (account_locked,created_at,email,email_verified,email_verified_at,failed_login_attempts,last_login,locked_until,password,password_changed_at,role,terms_accepted_version,username,id) values (?,?,?,?,?,?,?,?,?,?,?,?,?,default)
Hibernate: insert into terms_acceptance (accepted_at,ip_address,terms_version,user_id,user_agent,id) values (?,?,?,?,?,default)
Hibernate: insert into terms_acceptance (accepted_at,ip_address,terms_version,user_id,user_agent,id) values (?,?,?,?,?,default)
Hibernate: insert into terms_acceptance (accepted_at,ip_address,terms_version,user_id,user_agent,id) values (?,?,?,?,?,default)
Hibernate: select ta1_0.id,ta1_0.accepted_at,ta1_0.ip_address,ta1_0.terms_version,ta1_0.user_id,ta1_0.user_agent from terms_acceptance ta1_0 where ta1_0.user_id=? order by ta1_0.accepted_at desc fetch first ? rows only
]]></system-out>
  </testcase>
  <testcase name="getAcceptanceStatistics_ShouldReturnCorrectStatistics" classname="com.blog.api.repository.TermsAcceptanceRepositoryTest" time="0.04">
    <system-out><![CDATA[Hibernate: insert into users (account_locked,created_at,email,email_verified,email_verified_at,failed_login_attempts,last_login,locked_until,password,password_changed_at,role,terms_accepted_version,username,id) values (?,?,?,?,?,?,?,?,?,?,?,?,?,default)
Hibernate: insert into users (account_locked,created_at,email,email_verified,email_verified_at,failed_login_attempts,last_login,locked_until,password,password_changed_at,role,terms_accepted_version,username,id) values (?,?,?,?,?,?,?,?,?,?,?,?,?,default)
Hibernate: insert into terms_acceptance (accepted_at,ip_address,terms_version,user_id,user_agent,id) values (?,?,?,?,?,default)
Hibernate: insert into terms_acceptance (accepted_at,ip_address,terms_version,user_id,user_agent,id) values (?,?,?,?,?,default)
Hibernate: insert into terms_acceptance (accepted_at,ip_address,terms_version,user_id,user_agent,id) values (?,?,?,?,?,default)
Hibernate: select count(ta1_0.id),count(distinct ta1_0.user_id),min(ta1_0.accepted_at),max(ta1_0.accepted_at) from terms_acceptance ta1_0 where ta1_0.terms_version=?
]]></system-out>
  </testcase>
  <testcase name="findUsersWithoutLatestTerms_ShouldReturnCorrectUsers" classname="com.blog.api.repository.TermsAcceptanceRepositoryTest" time="0.06">
    <system-out><![CDATA[Hibernate: insert into users (account_locked,created_at,email,email_verified,email_verified_at,failed_login_attempts,last_login,locked_until,password,password_changed_at,role,terms_accepted_version,username,id) values (?,?,?,?,?,?,?,?,?,?,?,?,?,default)
Hibernate: insert into users (account_locked,created_at,email,email_verified,email_verified_at,failed_login_attempts,last_login,locked_until,password,password_changed_at,role,terms_accepted_version,username,id) values (?,?,?,?,?,?,?,?,?,?,?,?,?,default)
Hibernate: insert into terms_acceptance (accepted_at,ip_address,terms_version,user_id,user_agent,id) values (?,?,?,?,?,default)
Hibernate: insert into terms_acceptance (accepted_at,ip_address,terms_version,user_id,user_agent,id) values (?,?,?,?,?,default)
Hibernate: insert into terms_acceptance (accepted_at,ip_address,terms_version,user_id,user_agent,id) values (?,?,?,?,?,default)
Hibernate: select u1_0.id,u1_0.account_locked,u1_0.created_at,u1_0.email,u1_0.email_verified,u1_0.email_verified_at,u1_0.failed_login_attempts,u1_0.last_login,u1_0.locked_until,u1_0.password,u1_0.password_changed_at,u1_0.role,u1_0.terms_accepted_version,u1_0.username,c1_0.user_id,c1_0.id,c1_0.content,c1_0.created_at,c1_0.parent_id,c1_0.post_id from users u1_0 left join comments c1_0 on u1_0.id=c1_0.user_id where u1_0.id=?
Hibernate: select p1_0.user_id,p1_0.id,p1_0.category_id,p1_0.content,p1_0.created_at,p1_0.published,p1_0.title,p1_0.updated_at from posts p1_0 where p1_0.user_id=?
Hibernate: select u1_0.id,u1_0.account_locked,u1_0.created_at,u1_0.email,u1_0.email_verified,u1_0.email_verified_at,u1_0.failed_login_attempts,u1_0.last_login,u1_0.locked_until,u1_0.password,u1_0.password_changed_at,u1_0.role,u1_0.terms_accepted_version,u1_0.username,c1_0.user_id,c1_0.id,c1_0.content,c1_0.created_at,c1_0.parent_id,c1_0.post_id from users u1_0 left join comments c1_0 on u1_0.id=c1_0.user_id where u1_0.id=?
Hibernate: select p1_0.user_id,p1_0.id,p1_0.category_id,p1_0.content,p1_0.created_at,p1_0.published,p1_0.title,p1_0.updated_at from posts p1_0 where p1_0.user_id=?
Hibernate: update users set account_locked=?,email=?,email_verified=?,email_verified_at=?,failed_login_attempts=?,last_login=?,locked_until=?,password=?,password_changed_at=?,role=?,terms_accepted_version=?,username=? where id=?
Hibernate: update users set account_locked=?,email=?,email_verified=?,email_verified_at=?,failed_login_attempts=?,last_login=?,locked_until=?,password=?,password_changed_at=?,role=?,terms_accepted_version=?,username=? where id=?
Hibernate: select distinct u1_0.id,u1_0.account_locked,u1_0.created_at,u1_0.email,u1_0.email_verified,u1_0.email_verified_at,u1_0.failed_login_attempts,u1_0.last_login,u1_0.locked_until,u1_0.password,u1_0.password_changed_at,u1_0.role,u1_0.terms_accepted_version,u1_0.username from users u1_0 where u1_0.terms_accepted_version!=? or u1_0.terms_accepted_version is null
]]></system-out>
  </testcase>
  <testcase name="findByIpAddressOrderByAcceptedAtDesc_ShouldReturnAcceptancesByIp" classname="com.blog.api.repository.TermsAcceptanceRepositoryTest" time="0.021">
    <system-out><![CDATA[Hibernate: insert into users (account_locked,created_at,email,email_verified,email_verified_at,failed_login_attempts,last_login,locked_until,password,password_changed_at,role,terms_accepted_version,username,id) values (?,?,?,?,?,?,?,?,?,?,?,?,?,default)
Hibernate: insert into users (account_locked,created_at,email,email_verified,email_verified_at,failed_login_attempts,last_login,locked_until,password,password_changed_at,role,terms_accepted_version,username,id) values (?,?,?,?,?,?,?,?,?,?,?,?,?,default)
Hibernate: insert into terms_acceptance (accepted_at,ip_address,terms_version,user_id,user_agent,id) values (?,?,?,?,?,default)
Hibernate: insert into terms_acceptance (accepted_at,ip_address,terms_version,user_id,user_agent,id) values (?,?,?,?,?,default)
Hibernate: insert into terms_acceptance (accepted_at,ip_address,terms_version,user_id,user_agent,id) values (?,?,?,?,?,default)
Hibernate: select ta1_0.id,ta1_0.accepted_at,ta1_0.ip_address,ta1_0.terms_version,ta1_0.user_id,ta1_0.user_agent from terms_acceptance ta1_0 where ta1_0.ip_address=? order by ta1_0.accepted_at desc
]]></system-out>
  </testcase>
  <testcase name="findByUserAndTermsVersion_ShouldReturnCorrectAcceptance" classname="com.blog.api.repository.TermsAcceptanceRepositoryTest" time="0.027">
    <system-out><![CDATA[Hibernate: insert into users (account_locked,created_at,email,email_verified,email_verified_at,failed_login_attempts,last_login,locked_until,password,password_changed_at,role,terms_accepted_version,username,id) values (?,?,?,?,?,?,?,?,?,?,?,?,?,default)
Hibernate: insert into users (account_locked,created_at,email,email_verified,email_verified_at,failed_login_attempts,last_login,locked_until,password,password_changed_at,role,terms_accepted_version,username,id) values (?,?,?,?,?,?,?,?,?,?,?,?,?,default)
Hibernate: insert into terms_acceptance (accepted_at,ip_address,terms_version,user_id,user_agent,id) values (?,?,?,?,?,default)
Hibernate: insert into terms_acceptance (accepted_at,ip_address,terms_version,user_id,user_agent,id) values (?,?,?,?,?,default)
Hibernate: insert into terms_acceptance (accepted_at,ip_address,terms_version,user_id,user_agent,id) values (?,?,?,?,?,default)
Hibernate: select ta1_0.id,ta1_0.accepted_at,ta1_0.ip_address,ta1_0.terms_version,ta1_0.user_id,ta1_0.user_agent from terms_acceptance ta1_0 where ta1_0.user_id=? and ta1_0.terms_version=?
]]></system-out>
  </testcase>
  <testcase name="existsByUserIdAndTermsVersion_ShouldReturnCorrectResult" classname="com.blog.api.repository.TermsAcceptanceRepositoryTest" time="0.053">
    <system-out><![CDATA[Hibernate: insert into users (account_locked,created_at,email,email_verified,email_verified_at,failed_login_attempts,last_login,locked_until,password,password_changed_at,role,terms_accepted_version,username,id) values (?,?,?,?,?,?,?,?,?,?,?,?,?,default)
Hibernate: insert into users (account_locked,created_at,email,email_verified,email_verified_at,failed_login_attempts,last_login,locked_until,password,password_changed_at,role,terms_accepted_version,username,id) values (?,?,?,?,?,?,?,?,?,?,?,?,?,default)
Hibernate: insert into terms_acceptance (accepted_at,ip_address,terms_version,user_id,user_agent,id) values (?,?,?,?,?,default)
Hibernate: insert into terms_acceptance (accepted_at,ip_address,terms_version,user_id,user_agent,id) values (?,?,?,?,?,default)
Hibernate: insert into terms_acceptance (accepted_at,ip_address,terms_version,user_id,user_agent,id) values (?,?,?,?,?,default)
Hibernate: select count(ta1_0.id)>0 from terms_acceptance ta1_0 where ta1_0.user_id=? and ta1_0.terms_version=?
Hibernate: select count(ta1_0.id)>0 from terms_acceptance ta1_0 where ta1_0.user_id=? and ta1_0.terms_version=?
]]></system-out>
  </testcase>
  <testcase name="existsByUserId_ShouldReturnCorrectResult" classname="com.blog.api.repository.TermsAcceptanceRepositoryTest" time="0.028">
    <system-out><![CDATA[Hibernate: insert into users (account_locked,created_at,email,email_verified,email_verified_at,failed_login_attempts,last_login,locked_until,password,password_changed_at,role,terms_accepted_version,username,id) values (?,?,?,?,?,?,?,?,?,?,?,?,?,default)
Hibernate: insert into users (account_locked,created_at,email,email_verified,email_verified_at,failed_login_attempts,last_login,locked_until,password,password_changed_at,role,terms_accepted_version,username,id) values (?,?,?,?,?,?,?,?,?,?,?,?,?,default)
Hibernate: insert into terms_acceptance (accepted_at,ip_address,terms_version,user_id,user_agent,id) values (?,?,?,?,?,default)
Hibernate: insert into terms_acceptance (accepted_at,ip_address,terms_version,user_id,user_agent,id) values (?,?,?,?,?,default)
Hibernate: insert into terms_acceptance (accepted_at,ip_address,terms_version,user_id,user_agent,id) values (?,?,?,?,?,default)
Hibernate: select count(ta1_0.id)>0 from terms_acceptance ta1_0 where ta1_0.user_id=?
Hibernate: select count(ta1_0.id)>0 from terms_acceptance ta1_0 where ta1_0.user_id=?
]]></system-out>
  </testcase>
  <testcase name="existsByUserAndTermsVersion_ShouldReturnCorrectResult" classname="com.blog.api.repository.TermsAcceptanceRepositoryTest" time="0.026">
    <system-out><![CDATA[Hibernate: insert into users (account_locked,created_at,email,email_verified,email_verified_at,failed_login_attempts,last_login,locked_until,password,password_changed_at,role,terms_accepted_version,username,id) values (?,?,?,?,?,?,?,?,?,?,?,?,?,default)
Hibernate: insert into users (account_locked,created_at,email,email_verified,email_verified_at,failed_login_attempts,last_login,locked_until,password,password_changed_at,role,terms_accepted_version,username,id) values (?,?,?,?,?,?,?,?,?,?,?,?,?,default)
Hibernate: insert into terms_acceptance (accepted_at,ip_address,terms_version,user_id,user_agent,id) values (?,?,?,?,?,default)
Hibernate: insert into terms_acceptance (accepted_at,ip_address,terms_version,user_id,user_agent,id) values (?,?,?,?,?,default)
Hibernate: insert into terms_acceptance (accepted_at,ip_address,terms_version,user_id,user_agent,id) values (?,?,?,?,?,default)
Hibernate: select ta1_0.id from terms_acceptance ta1_0 where ta1_0.user_id=? and ta1_0.terms_version=? fetch first ? rows only
Hibernate: select ta1_0.id from terms_acceptance ta1_0 where ta1_0.user_id=? and ta1_0.terms_version=? fetch first ? rows only
Hibernate: select ta1_0.id from terms_acceptance ta1_0 where ta1_0.user_id=? and ta1_0.terms_version=? fetch first ? rows only
Hibernate: select ta1_0.id from terms_acceptance ta1_0 where ta1_0.user_id=? and ta1_0.terms_version=? fetch first ? rows only
]]></system-out>
  </testcase>
</testsuite>