<?xml version="1.0" encoding="UTF-8"?>
<testsuite xmlns:xsi="http://www.w3.org/2001/XMLSchema-instance" xsi:noNamespaceSchemaLocation="https://maven.apache.org/surefire/maven-surefire-plugin/xsd/surefire-test-report-3.0.xsd" version="3.0" name="com.blog.api.config.SecurityConfigTest" time="9.446" tests="5" errors="0" skipped="0" failures="5">
  <properties>
[...]
</properties>
  <testcase name="publicEndpoints_ShouldBeAccessibleWithoutAuthentication" classname="com.blog.api.config.SecurityConfigTest" time="1.528">
    <failure message="Status expected:&lt;200&gt; but was:&lt;500&gt;" type="java.lang.AssertionError"><![CDATA[java.lang.AssertionError: Status expected:<200> but was:<500>
	at org.springframework.test.util.AssertionErrors.fail(AssertionErrors.java:59)
	at org.springframework.test.util.AssertionErrors.assertEquals(AssertionErrors.java:122)
	at org.springframework.test.web.servlet.result.StatusResultMatchers.lambda$matcher$9(StatusResultMatchers.java:637)
	at org.springframework.test.web.servlet.MockMvc$1.andExpect(MockMvc.java:214)
	at com.blog.api.config.SecurityConfigTest.publicEndpoints_ShouldBeAccessibleWithoutAuthentication(SecurityConfigTest.java:47)
	at java.base/java.lang.reflect.Method.invoke(Method.java:580)
	at java.base/java.util.ArrayList.forEach(ArrayList.java:1596)
	at java.base/java.util.ArrayList.forEach(ArrayList.java:1596)
]]></failure>
    <system-out><![CDATA[2025-07-28T15:30:17.184-03:00  INFO 714280 --- [blog-api] [           main] t.c.s.AnnotationConfigContextLoaderUtils : Could not detect default configuration classes for test class [com.blog.api.config.SecurityConfigTest]: SecurityConfigTest does not declare any static, non-private, non-final, nested classes annotated with @Configuration.
2025-07-28T15:30:17.201-03:00  INFO 714280 --- [blog-api] [           main] .b.t.c.SpringBootTestContextBootstrapper : Found @SpringBootConfiguration com.blog.api.BlogApiApplication for test class com.blog.api.config.SecurityConfigTest

  .   ____          _            __ _ _
 /\\ / ___'_ __ _ _(_)_ __  __ _ \ \ \ \
( ( )\___ | '_ | '_| | '_ \/ _` | \ \ \ \
 \\/  ___)| |_)| | | | | || (_| |  ) ) ) )
  '  |____| .__|_| |_|_| |_\__, | / / / /
 =========|_|==============|___/=/_/_/_/
 :: Spring Boot ::                (v3.2.0)

2025-07-28T15:30:17.259-03:00  INFO 714280 --- [blog-api] [           main] com.blog.api.config.SecurityConfigTest   : Starting SecurityConfigTest using Java 21.0.7 with PID 714280 (started by base in /home/base/Documentos/desenvolvimento/claude-estudo/first-project)
2025-07-28T15:30:17.259-03:00 DEBUG 714280 --- [blog-api] [           main] com.blog.api.config.SecurityConfigTest   : Running with Spring Boot v3.2.0, Spring v6.1.1
2025-07-28T15:30:17.259-03:00  INFO 714280 --- [blog-api] [           main] com.blog.api.config.SecurityConfigTest   : No active profile set, falling back to 1 default profile: "default"
2025-07-28T15:30:17.750-03:00  INFO 714280 --- [blog-api] [           main] .s.d.r.c.RepositoryConfigurationDelegate : Multiple Spring Data modules found, entering strict repository configuration mode
2025-07-28T15:30:17.750-03:00  INFO 714280 --- [blog-api] [           main] .s.d.r.c.RepositoryConfigurationDelegate : Bootstrapping Spring Data JPA repositories in DEFAULT mode.
2025-07-28T15:30:17.761-03:00  INFO 714280 --- [blog-api] [           main] .s.d.r.c.RepositoryConfigurationDelegate : Finished Spring Data repository scanning in 11 ms. Found 4 JPA repository interfaces.
2025-07-28T15:30:17.765-03:00  INFO 714280 --- [blog-api] [           main] .s.d.r.c.RepositoryConfigurationDelegate : Multiple Spring Data modules found, entering strict repository configuration mode
2025-07-28T15:30:17.765-03:00  INFO 714280 --- [blog-api] [           main] .s.d.r.c.RepositoryConfigurationDelegate : Bootstrapping Spring Data Redis repositories in DEFAULT mode.
2025-07-28T15:30:17.769-03:00  INFO 714280 --- [blog-api] [           main] .RepositoryConfigurationExtensionSupport : Spring Data Redis - Could not safely identify store assignment for repository candidate interface com.blog.api.repository.CategoryRepository; If you want this repository to be a Redis repository, consider annotating your entities with one of these annotations: org.springframework.data.redis.core.RedisHash (preferred), or consider extending one of the following types with your repository: org.springframework.data.keyvalue.repository.KeyValueRepository
2025-07-28T15:30:17.769-03:00  INFO 714280 --- [blog-api] [           main] .RepositoryConfigurationExtensionSupport : Spring Data Redis - Could not safely identify store assignment for repository candidate interface com.blog.api.repository.CommentRepository; If you want this repository to be a Redis repository, consider annotating your entities with one of these annotations: org.springframework.data.redis.core.RedisHash (preferred), or consider extending one of the following types with your repository: org.springframework.data.keyvalue.repository.KeyValueRepository
2025-07-28T15:30:17.769-03:00  INFO 714280 --- [blog-api] [           main] .RepositoryConfigurationExtensionSupport : Spring Data Redis - Could not safely identify store assignment for repository candidate interface com.blog.api.repository.PostRepository; If you want this repository to be a Redis repository, consider annotating your entities with one of these annotations: org.springframework.data.redis.core.RedisHash (preferred), or consider extending one of the following types with your repository: org.springframework.data.keyvalue.repository.KeyValueRepository
2025-07-28T15:30:17.770-03:00  INFO 714280 --- [blog-api] [           main] .RepositoryConfigurationExtensionSupport : Spring Data Redis - Could not safely identify store assignment for repository candidate interface com.blog.api.repository.UserRepository; If you want this repository to be a Redis repository, consider annotating your entities with one of these annotations: org.springframework.data.redis.core.RedisHash (preferred), or consider extending one of the following types with your repository: org.springframework.data.keyvalue.repository.KeyValueRepository
2025-07-28T15:30:17.770-03:00  INFO 714280 --- [blog-api] [           main] .s.d.r.c.RepositoryConfigurationDelegate : Finished Spring Data repository scanning in 4 ms. Found 0 Redis repository interfaces.
2025-07-28T15:30:19.300-03:00  INFO 714280 --- [blog-api] [           main] o.hibernate.jpa.internal.util.LogHelper  : HHH000204: Processing PersistenceUnitInfo [name: default]
2025-07-28T15:30:19.306-03:00  INFO 714280 --- [blog-api] [           main] o.h.c.internal.RegionFactoryInitiator    : HHH000026: Second-level cache disabled
2025-07-28T15:30:19.313-03:00  INFO 714280 --- [blog-api] [           main] o.s.o.j.p.SpringPersistenceUnitInfo      : No LoadTimeWeaver setup: ignoring JPA class transformer
2025-07-28T15:30:19.316-03:00  INFO 714280 --- [blog-api] [           main] com.zaxxer.hikari.HikariDataSource       : HikariPool-2 - Starting...
2025-07-28T15:30:19.930-03:00  INFO 714280 --- [blog-api] [           main] com.zaxxer.hikari.pool.HikariPool        : HikariPool-2 - Added connection org.postgresql.jdbc.PgConnection@e52e766
2025-07-28T15:30:19.931-03:00  INFO 714280 --- [blog-api] [           main] com.zaxxer.hikari.HikariDataSource       : HikariPool-2 - Start completed.
2025-07-28T15:30:19.939-03:00  WARN 714280 --- [blog-api] [           main] org.hibernate.orm.deprecation            : HHH90000025: PostgreSQLDialect does not need to be specified explicitly using 'hibernate.dialect' (remove the property setting and it will be selected by default)
2025-07-28T15:30:20.237-03:00  INFO 714280 --- [blog-api] [           main] o.h.e.t.j.p.i.JtaPlatformInitiator       : HHH000489: No JTA platform available (set 'hibernate.transaction.jta.platform' to enable JTA platform integration)
2025-07-28T15:30:20.359-03:00  INFO 714280 --- [blog-api] [           main] j.LocalContainerEntityManagerFactoryBean : Initialized JPA EntityManagerFactory for persistence unit 'default'
2025-07-28T15:30:21.658-03:00  WARN 714280 --- [blog-api] [           main] JpaBaseConfiguration$JpaWebConfiguration : spring.jpa.open-in-view is enabled by default. Therefore, database queries may be performed during view rendering. Explicitly configure spring.jpa.open-in-view to disable this warning
2025-07-28T15:30:22.848-03:00  INFO 714280 --- [blog-api] [           main] o.s.b.a.e.web.EndpointLinksResolver      : Exposing 1 endpoint(s) beneath base path '/actuator'
2025-07-28T15:30:23.116-03:00  INFO 714280 --- [blog-api] [           main] o.s.s.web.DefaultSecurityFilterChain     : Will secure any request with [org.springframework.security.web.session.DisableEncodeUrlFilter@57080e26, org.springframework.security.web.context.request.async.WebAsyncManagerIntegrationFilter@60c358d4, org.springframework.security.web.context.SecurityContextHolderFilter@421c78e0, org.springframework.security.web.header.HeaderWriterFilter@62aca7a0, org.springframework.web.filter.CorsFilter@2730efa8, org.springframework.security.web.authentication.logout.LogoutFilter@2b90379d, com.blog.api.config.JwtAuthenticationFilter@3041dd71, org.springframework.security.web.savedrequest.RequestCacheAwareFilter@4d015cef, org.springframework.security.web.servletapi.SecurityContextHolderAwareRequestFilter@62e111bc, org.springframework.security.web.authentication.AnonymousAuthenticationFilter@78749d53, org.springframework.security.web.session.SessionManagementFilter@51f5b33, org.springframework.security.web.access.ExceptionTranslationFilter@22b42a25, org.springframework.security.web.access.intercept.AuthorizationFilter@73624f8d]
2025-07-28T15:30:24.932-03:00  INFO 714280 --- [blog-api] [           main] com.blog.api.config.SecurityConfigTest   : Started SecurityConfigTest in 7.727 seconds (process running for 31.637)
2025-07-28T15:30:25.117-03:00  INFO 714280 --- [blog-api] [           main] o.s.b.t.m.w.SpringBootMockServletContext : Initializing Spring TestDispatcherServlet ''
2025-07-28T15:30:25.118-03:00  INFO 714280 --- [blog-api] [           main] o.s.t.web.servlet.TestDispatcherServlet  : Initializing Servlet ''
2025-07-28T15:30:25.123-03:00  INFO 714280 --- [blog-api] [           main] o.s.t.web.servlet.TestDispatcherServlet  : Completed initialization in 5 ms
2025-07-28T15:30:25.157-03:00 DEBUG 714280 --- [blog-api] [           main] o.s.security.web.FilterChainProxy        : Securing GET /api/v1/posts
2025-07-28T15:30:25.213-03:00  WARN 714280 --- [blog-api] [           main] o.s.w.s.h.HandlerMappingIntrospector     : Cache miss for REQUEST dispatch to '/api/v1/posts' (previous null). Performing CorsConfiguration lookup. This is logged once only at WARN level, and every time at TRACE.
2025-07-28T15:30:25.243-03:00 DEBUG 714280 --- [blog-api] [           main] o.s.s.w.a.AnonymousAuthenticationFilter  : Set SecurityContextHolder to anonymous SecurityContext
2025-07-28T15:30:25.252-03:00 DEBUG 714280 --- [blog-api] [           main] o.s.security.web.FilterChainProxy        : Secured GET /api/v1/posts
]]></system-out>
  </testcase>
  <testcase name="protectedEndpoints_ShouldRequireAuthentication" classname="com.blog.api.config.SecurityConfigTest" time="0.034">
    <failure message="Status expected:&lt;401&gt; but was:&lt;500&gt;" type="java.lang.AssertionError"><![CDATA[java.lang.AssertionError: Status expected:<401> but was:<500>
	at org.springframework.test.util.AssertionErrors.fail(AssertionErrors.java:59)
	at org.springframework.test.util.AssertionErrors.assertEquals(AssertionErrors.java:122)
	at org.springframework.test.web.servlet.result.StatusResultMatchers.lambda$matcher$9(StatusResultMatchers.java:637)
	at org.springframework.test.web.servlet.MockMvc$1.andExpect(MockMvc.java:214)
	at com.blog.api.config.SecurityConfigTest.protectedEndpoints_ShouldRequireAuthentication(SecurityConfigTest.java:90)
	at java.base/java.lang.reflect.Method.invoke(Method.java:580)
	at java.base/java.util.ArrayList.forEach(ArrayList.java:1596)
	at java.base/java.util.ArrayList.forEach(ArrayList.java:1596)
]]></failure>
    <system-out><![CDATA[2025-07-28T15:30:26.483-03:00  INFO 714280 --- [blog-api] [           main] o.s.b.t.m.w.SpringBootMockServletContext : Initializing Spring TestDispatcherServlet ''
2025-07-28T15:30:26.484-03:00  INFO 714280 --- [blog-api] [           main] o.s.t.web.servlet.TestDispatcherServlet  : Initializing Servlet ''
2025-07-28T15:30:26.486-03:00  INFO 714280 --- [blog-api] [           main] o.s.t.web.servlet.TestDispatcherServlet  : Completed initialization in 2 ms
2025-07-28T15:30:26.487-03:00 DEBUG 714280 --- [blog-api] [           main] o.s.security.web.FilterChainProxy        : Securing POST /api/v1/posts
2025-07-28T15:30:26.489-03:00 DEBUG 714280 --- [blog-api] [           main] o.s.s.w.a.AnonymousAuthenticationFilter  : Set SecurityContextHolder to anonymous SecurityContext
2025-07-28T15:30:26.490-03:00 DEBUG 714280 --- [blog-api] [           main] o.s.security.web.FilterChainProxy        : Secured POST /api/v1/posts
]]></system-out>
  </testcase>
  <testcase name="swaggerEndpoints_ShouldBeAccessibleWithoutAuthentication" classname="com.blog.api.config.SecurityConfigTest" time="0.068">
    <failure message="Status expected:&lt;200&gt; but was:&lt;500&gt;" type="java.lang.AssertionError"><![CDATA[java.lang.AssertionError: Status expected:<200> but was:<500>
	at org.springframework.test.util.AssertionErrors.fail(AssertionErrors.java:59)
	at org.springframework.test.util.AssertionErrors.assertEquals(AssertionErrors.java:122)
	at org.springframework.test.web.servlet.result.StatusResultMatchers.lambda$matcher$9(StatusResultMatchers.java:637)
	at org.springframework.test.web.servlet.MockMvc$1.andExpect(MockMvc.java:214)
	at com.blog.api.config.SecurityConfigTest.swaggerEndpoints_ShouldBeAccessibleWithoutAuthentication(SecurityConfigTest.java:78)
	at java.base/java.lang.reflect.Method.invoke(Method.java:580)
	at java.base/java.util.ArrayList.forEach(ArrayList.java:1596)
	at java.base/java.util.ArrayList.forEach(ArrayList.java:1596)
]]></failure>
    <system-out><![CDATA[2025-07-28T15:30:26.520-03:00  INFO 714280 --- [blog-api] [           main] o.s.b.t.m.w.SpringBootMockServletContext : Initializing Spring TestDispatcherServlet ''
2025-07-28T15:30:26.520-03:00  INFO 714280 --- [blog-api] [           main] o.s.t.web.servlet.TestDispatcherServlet  : Initializing Servlet ''
2025-07-28T15:30:26.522-03:00  INFO 714280 --- [blog-api] [           main] o.s.t.web.servlet.TestDispatcherServlet  : Completed initialization in 2 ms
2025-07-28T15:30:26.523-03:00 DEBUG 714280 --- [blog-api] [           main] o.s.security.web.FilterChainProxy        : Securing GET /swagger-ui.html
2025-07-28T15:30:26.524-03:00 DEBUG 714280 --- [blog-api] [           main] o.s.s.w.a.AnonymousAuthenticationFilter  : Set SecurityContextHolder to anonymous SecurityContext
2025-07-28T15:30:26.525-03:00 DEBUG 714280 --- [blog-api] [           main] o.s.security.web.FilterChainProxy        : Secured GET /swagger-ui.html
2025-07-28T15:30:26.565-03:00 DEBUG 714280 --- [blog-api] [           main] o.s.security.web.FilterChainProxy        : Securing GET /v3/api-docs
2025-07-28T15:30:26.571-03:00 DEBUG 714280 --- [blog-api] [           main] o.s.s.w.a.AnonymousAuthenticationFilter  : Set SecurityContextHolder to anonymous SecurityContext
2025-07-28T15:30:26.573-03:00 DEBUG 714280 --- [blog-api] [           main] o.s.security.web.FilterChainProxy        : Secured GET /v3/api-docs
]]></system-out>
  </testcase>
  <testcase name="authEndpoints_ShouldBeAccessibleWithoutAuthentication" classname="com.blog.api.config.SecurityConfigTest" time="0.016">
    <failure message="Status expected:&lt;400&gt; but was:&lt;500&gt;" type="java.lang.AssertionError"><![CDATA[java.lang.AssertionError: Status expected:<400> but was:<500>
	at org.springframework.test.util.AssertionErrors.fail(AssertionErrors.java:59)
	at org.springframework.test.util.AssertionErrors.assertEquals(AssertionErrors.java:122)
	at org.springframework.test.web.servlet.result.StatusResultMatchers.lambda$matcher$9(StatusResultMatchers.java:637)
	at org.springframework.test.web.servlet.MockMvc$1.andExpect(MockMvc.java:214)
	at com.blog.api.config.SecurityConfigTest.authEndpoints_ShouldBeAccessibleWithoutAuthentication(SecurityConfigTest.java:64)
	at java.base/java.lang.reflect.Method.invoke(Method.java:580)
	at java.base/java.util.ArrayList.forEach(ArrayList.java:1596)
	at java.base/java.util.ArrayList.forEach(ArrayList.java:1596)
]]></failure>
    <system-out><![CDATA[2025-07-28T15:30:26.591-03:00  INFO 714280 --- [blog-api] [           main] o.s.b.t.m.w.SpringBootMockServletContext : Initializing Spring TestDispatcherServlet ''
2025-07-28T15:30:26.592-03:00  INFO 714280 --- [blog-api] [           main] o.s.t.web.servlet.TestDispatcherServlet  : Initializing Servlet ''
2025-07-28T15:30:26.594-03:00  INFO 714280 --- [blog-api] [           main] o.s.t.web.servlet.TestDispatcherServlet  : Completed initialization in 2 ms
2025-07-28T15:30:26.594-03:00 DEBUG 714280 --- [blog-api] [           main] o.s.security.web.FilterChainProxy        : Securing POST /api/v1/auth/register
2025-07-28T15:30:26.596-03:00 DEBUG 714280 --- [blog-api] [           main] o.s.s.w.a.AnonymousAuthenticationFilter  : Set SecurityContextHolder to anonymous SecurityContext
2025-07-28T15:30:26.597-03:00 DEBUG 714280 --- [blog-api] [           main] o.s.security.web.FilterChainProxy        : Secured POST /api/v1/auth/register
]]></system-out>
  </testcase>
  <testcase name="adminEndpoints_ShouldRequireAuthentication" classname="com.blog.api.config.SecurityConfigTest" time="0.018">
    <failure message="Status expected:&lt;401&gt; but was:&lt;500&gt;" type="java.lang.AssertionError"><![CDATA[java.lang.AssertionError: Status expected:<401> but was:<500>
	at org.springframework.test.util.AssertionErrors.fail(AssertionErrors.java:59)
	at org.springframework.test.util.AssertionErrors.assertEquals(AssertionErrors.java:122)
	at org.springframework.test.web.servlet.result.StatusResultMatchers.lambda$matcher$9(StatusResultMatchers.java:637)
	at org.springframework.test.web.servlet.MockMvc$1.andExpect(MockMvc.java:214)
	at com.blog.api.config.SecurityConfigTest.adminEndpoints_ShouldRequireAuthentication(SecurityConfigTest.java:107)
	at java.base/java.lang.reflect.Method.invoke(Method.java:580)
	at java.base/java.util.ArrayList.forEach(ArrayList.java:1596)
	at java.base/java.util.ArrayList.forEach(ArrayList.java:1596)
]]></failure>
    <system-out><![CDATA[2025-07-28T15:30:26.611-03:00  INFO 714280 --- [blog-api] [           main] o.s.b.t.m.w.SpringBootMockServletContext : Initializing Spring TestDispatcherServlet ''
2025-07-28T15:30:26.611-03:00  INFO 714280 --- [blog-api] [           main] o.s.t.web.servlet.TestDispatcherServlet  : Initializing Servlet ''
2025-07-28T15:30:26.614-03:00  INFO 714280 --- [blog-api] [           main] o.s.t.web.servlet.TestDispatcherServlet  : Completed initialization in 2 ms
2025-07-28T15:30:26.614-03:00 DEBUG 714280 --- [blog-api] [           main] o.s.security.web.FilterChainProxy        : Securing POST /api/v1/categories
2025-07-28T15:30:26.615-03:00 DEBUG 714280 --- [blog-api] [           main] o.s.s.w.a.AnonymousAuthenticationFilter  : Set SecurityContextHolder to anonymous SecurityContext
2025-07-28T15:30:26.616-03:00 DEBUG 714280 --- [blog-api] [           main] o.s.security.web.FilterChainProxy        : Secured POST /api/v1/categories
]]></system-out>
  </testcase>
</testsuite>